Parameters:
popSize: 64
messageCount: 8192
messageLength: 16
funcCount: 40
stateSize: 1600
rate: 320
capacity: 1280
populationDieOffPercent: 0.5
mutationChance: 0.34
preserveTopNIndividuals: 2
generationCount: 100
0	:
Fitness Score:	2.0
Bitchange:	0.0
Round Function:
AND104,256,696,848#AND0,456,672,1128#XOR160,664,280,784#XOC1104,1152,101101110101010111111111011011100101110111000101#NOT304,680#XOR240,696,1024,1480#SW0264,600,992,1328#SW1672,744,792,864#SW2136,744,512,1120#XOR320,368,536,584#SW1224,304,456,536#SW0336,784,448,896#NOT280,576#SWA24,376,496,848#SW0504,624,728,848#NOT904,1032#XOR328,344,952,968#SWA8,136,768,896#LRO520,1016,455#XOC752,776,101001000101101000110110#SW1344,744,392,792#XOR72,240,576,744#SWA336,400,912,976#XOC1368,1400,11011001001110100100110010111101#NOT696,1552#SW2560,752,1344,1536#XOC24,56,01011100110011110011000111111110#SW0264,792,424,952#SW164,352,168,456#NOT1224,1424#SWA264,424,408,568#SW0304,752,776,1224#SWA544,704,592,752#SWA120,336,312,528#AND264,336,320,392#SW0720,784,736,800#AND248,768,872,1392#SW0384,632,920,1168#LRO520,1320,175#SW096,184,128,216#
=================================================================

1	:
Fitness Score:	2.000786731177609
Bitchange:	1.9660545658099424E-4
Round Function:
SWA16,104,408,496#XOC1072,1096,101111111011011110111110#SW1448,592,528,672#NOT904,1024#SW1296,416,864,984#NOT16,168#SW2192,552,216,576#AND88,352,704,968#LRO640,1224,326#XOR608,632,752,776#LRO272,1552,447#AND216,432,848,1064#SWA528,648,872,992#AND464,696,816,1048#SW2624,744,1080,1200#NOT384,1032#AND256,296,696,736#SW2192,360,360,528#NOT864,1576#LRO496,552,16#LRO400,1488,177#SW2224,672,232,680#XOC504,552,110110001101110010110001101011101110011000010111#SW2544,704,1304,1464#NOT1456,1592#AND8,88,128,208#SWA88,464,792,1168#SW2472,568,832,928#SW0360,408,472,520#SW0104,296,200,392#SW1696,712,824,840#XOC16,72,10000000111111101110111011100010110110101000011110011001#NOT72,584#NOT336,1104#SWA32,264,112,344#XOR16,144,576,704#SWA0,56,40,96#XOR136,680,616,1160#LRO296,728,315#NOT192,504#
=================================================================

2	:
Fitness Score:	2.000786731177609
Bitchange:	1.9660545658099424E-4
Round Function:
AND64,520,720,1176#XOC376,392,1001101001001101#AND408,696,1000,1288#XOC656,688,00101111000011010110011000011011#NOT352,1368#SWA16,528,192,704#XOR616,656,1024,1064#XOC1408,1432,001111000111001110011000#XOR288,560,968,1240#SW2144,304,904,1064#SW0136,608,520,992#SW0360,552,824,1016#SW2312,576,944,1208#SW0232,320,1000,1088#SWA304,640,536,872#XOR112,304,736,928#AND328,416,768,856#AND168,752,208,792#NOT808,1176#NOT1000,1408#XOR552,584,1104,1136#XOC664,720,11001000000111000110011100011111010011111111010000111011#SW1136,216,432,512#SW1264,352,696,784#NOT760,1264#SWA552,656,920,1024#LRO1048,1560,141#SW1304,656,344,696#LRO240,1288,582#SW1416,424,864,872#SW08,528,264,784#LRO128,1008,595#SW0288,576,560,848#SW2512,744,1128,1360#NOT1120,1360#LRO56,128,8#LRO152,1272,976#XOR8,392,768,1152#XOC952,1008,11000011010111001101111111010010001011010111011100111100#XOC1080,1112,01001100010010010101000011011110#
=================================================================

3	:
Fitness Score:	2.0015268535172055
Bitchange:	3.814221913940718E-4
Round Function:
SW280,136,776,832#SW2408,440,440,472#SW2352,568,488,704#LRO296,944,494#AND136,568,536,968#SW2288,296,504,512#SWA32,152,416,536#LRO56,1544,789#XOR248,792,1008,1552#LRO928,1120,135#AND288,312,904,928#SWA24,408,336,720#XOC240,280,0110010010001100100010011010011101110011#XOC1112,1128,0001110011001110#SW0544,728,888,1072#XOC1360,1408,111010100100111111110100110011101100011101111100#SW140,264,208,432#LRO1152,1208,46#SW0120,560,528,968#LRO72,96,19#SW1432,552,656,776#NOT920,992#AND472,768,1072,1368#NOT936,1080#SWA152,536,808,1192#LRO808,864,16#XOR432,720,440,728#NOT616,1256#SW1672,712,1448,1488#AND200,744,624,1168#NOT520,1440#NOT368,752#SWA536,632,832,928#SW1512,752,624,864#SWA0,728,216,944#SW1120,424,464,768#AND96,752,136,792#XOR232,280,1016,1064#SW0128,288,616,776#AND376,384,640,648#
=================================================================

4	:
Fitness Score:	2.001569510993047
Bitchange:	3.920700691199281E-4
Round Function:
SW1112,656,688,1232#SWA336,432,984,1080#SW048,528,608,1088#XOR152,560,704,1112#XOC1312,1320,01110111#SW2104,480,648,1024#SW156,704,752,1400#XOR24,232,584,792#XOR112,440,600,928#SWA568,584,1152,1168#NOT816,1360#XOR176,736,176,736#XOR176,304,320,448#SW1496,512,1280,1296#XOC328,376,011111101010101001001001110010011100000111000111#SW088,712,656,1280#SW18,448,112,552#NOT576,1296#SWA0,544,24,568#SW2360,464,416,520#NOT384,1240#AND272,712,416,856#SW032,160,112,240#SWA0,8,392,400#XOC144,168,100100000111001110000110#NOT856,1192#SWA512,760,800,1048#SW140,376,648,984#XOC1200,1232,11011011000101101111100111011001#NOT248,680#SW2112,504,760,1152#SWA16,560,144,688#SW188,120,464,496#SWA432,456,1048,1072#XOC1416,1456,1110000110000010011011011001011100110110#XOC144,176,00110000000010001110010100010100#XOR120,200,608,688#LRO432,512,45#XOC488,536,100101100101000011111011011000101110001111000111#AND72,312,744,984#
=================================================================

5	:
Fitness Score:	2.001569510993047
Bitchange:	3.920700691199281E-4
Round Function:
XOC1392,1408,0000010010111111#SWA360,720,600,960#SW1360,400,576,616#AND64,792,184,912#LRO616,1280,122#XOC1008,1056,001110011100111010010111001010011111100001010010#XOC656,688,10110001101101110101101111000110#SWA256,616,632,992#NOT328,624#LRO816,1456,318#NOT328,544#SW2320,728,1112,1520#SWA48,792,592,1336#XOC1144,1152,00000000#SW0600,696,768,864#XOR520,672,1112,1264#LRO240,984,708#SWA416,608,1104,1296#NOT1032,1320#XOC608,632,011101010111001111010110#AND496,744,824,1072#SW2376,496,968,1088#SW2592,648,1168,1224#XOC1200,1248,111000010011111111001111010010101101000100110101#AND480,536,880,936#SW148,680,96,728#LRO400,1408,567#LRO1160,1448,158#SWA504,512,680,688#AND352,472,936,1056#SWA8,392,464,848#XOC520,552,00110000111000000100000001111001#LRO472,1016,136#SW2200,232,544,576#LRO800,1496,338#SW1488,696,1184,1392#AND104,760,528,1184#LRO680,1048,18#SW072,784,736,1448#XOR368,504,632,768#
=================================================================

6	:
Fitness Score:	2.001569510993047
Bitchange:	3.920700691199281E-4
Round Function:
AND240,488,256,504#XOR256,336,512,592#LRO712,1248,496#XOC1496,1520,011100001011111001011100#AND664,672,1040,1048#SW2104,560,752,1208#SW1200,560,456,816#XOR176,512,696,1032#XOC776,832,01010011111110011001011111101010101100000011110010100010#LRO384,776,292#XOR392,528,840,976#XOC952,1008,10111101111101010100101111001100011110000000110010000001#AND216,560,920,1264#LRO960,1384,341#XOC1256,1288,10101101011110001000000100110110#AND80,664,648,1232#SW08,432,752,1176#LRO1160,1416,45#NOT0,1512#XOC56,112,11111111011101000110010001001011010001010000101110111011#XOR176,328,376,528#SW0608,776,960,1128#SW048,504,104,560#SWA184,400,416,632#XOR544,608,936,1000#AND32,112,792,872#SWA8,616,736,1344#XOR600,792,1392,1584#SW2272,616,328,672#XOC392,408,1000111010001001#SWA184,416,304,536#AND168,304,920,1056#NOT760,952#AND240,456,488,704#LRO328,1048,457#SW140,320,376,656#SW1352,624,464,736#XOR312,464,992,1144#SW016,176,472,632#SW0336,456,1072,1192#
=================================================================

7	:
Fitness Score:	2.001571034507956
Bitchange:	3.9245035046728445E-4
Round Function:
SW1408,680,488,760#XOR280,344,552,616#SWA168,360,840,1032#LRO760,936,68#SWA8,136,232,360#AND344,352,576,584#XOR448,536,1192,1280#LRO176,1104,481#XOR216,376,600,760#NOT144,208#SW20,16,120,136#XOR232,400,696,864#XOR520,688,584,752#SWA264,480,416,632#XOR32,680,824,1472#AND136,616,424,904#LRO640,1096,285#SW0176,392,792,1008#NOT112,640#AND360,376,1136,1152#LRO120,1208,725#SWA64,504,432,872#AND256,640,528,912#LRO800,1008,5#SWA440,688,1064,1312#XOC1392,1400,00000000#NOT1072,1264#AND168,776,384,992#SW024,464,536,976#SW0248,648,800,1200#SW2392,608,808,1024#AND88,136,272,320#XOR32,664,88,720#SWA120,384,120,384#SW1472,776,936,1240#SW10,232,8,240#SW0144,416,920,1192#AND144,216,360,432#LRO176,1392,390#XOR240,304,1024,1088#
=================================================================

8	:
Fitness Score:	2.0020937369855214
Bitchange:	5.2288685260902E-4
Round Function:
SWA440,776,912,1248#SW2600,776,704,880#NOT232,1080#SWA184,288,944,1048#SW2208,728,392,912#NOT328,1464#LRO1032,1376,292#SW0104,504,856,1256#SW18,280,408,680#NOT168,352#XOR392,648,544,800#AND264,520,1024,1280#XOR192,312,248,368#XOC160,176,1110101011001001#XOR8,624,608,1224#AND664,704,1048,1088#SW0440,584,776,920#XOC976,1000,111011111001001000011110#LRO224,432,73#LRO0,784,765#SWA40,568,736,1264#SW1152,496,336,680#LRO888,1160,181#XOR368,736,680,1048#LRO184,992,643#SWA120,640,664,1184#XOC48,72,100100011011000101010100#LRO456,1144,398#XOC1464,1512,110011000111000001001001100000111001011001100000#SWA8,200,384,576#AND104,360,320,576#XOR288,296,664,672#NOT392,920#LRO48,192,83#AND160,600,760,1200#SW064,248,488,672#XOR344,712,928,1296#LRO1184,1456,241#XOC1000,1040,0001100001001111100011011100100101010001#AND256,288,952,984#
=================================================================

9	:
Fitness Score:	2.0022873433162216
Bitchange:	5.711825837227255E-4
Round Function:
NOT16,1480#XOC376,384,00100000#NOT448,832#SW2216,728,816,1328#LRO864,1200,176#SW148,112,184,248#XOR296,528,328,560#SWA312,720,1080,1488#SW2360,544,528,712#NOT936,1320#SW132,304,408,680#SWA80,400,560,880#LRO288,704,378#XOC1392,1400,00110010#XOR472,480,1160,1168#AND312,416,528,632#XOC88,128,1011101101100110010111000111010100110001#SW072,168,200,296#SW1424,776,904,1256#LRO208,1272,663#SWA256,624,296,664#XOR248,744,328,824#SWA408,712,840,1144#XOR392,576,936,1120#SWA168,432,616,880#LRO512,1576,831#SW0128,312,232,416#NOT80,544#SW18,184,416,592#SWA128,168,832,872#SW2128,648,768,1288#XOR88,104,536,552#XOR312,728,312,728#SWA672,736,1120,1184#SWA208,568,752,1112#NOT1072,1208#XOR304,624,528,848#SW172,664,600,1192#LRO344,1384,831#XOR360,632,904,1176#
=================================================================

10	:
Fitness Score:	2.0031353836731522
Bitchange:	7.826190128504438E-4
Round Function:
SWA240,272,824,856#SW280,208,288,416#AND8,344,120,456#LRO176,384,179#SW1232,520,368,656#SWA136,592,568,1024#NOT720,792#SW156,744,232,920#XOR72,248,384,560#XOC152,208,10101010100000110000110110010100011100110001000001010001#XOC1072,1096,000101011011100011001101#AND8,192,360,544#XOR416,424,712,720#NOT184,360#SW2392,488,872,968#XOC792,824,10100010011001001101100110000110#SWA184,520,696,1032#AND416,672,960,1216#SW1160,304,496,640#AND16,736,792,1512#XOC1024,1080,00001111001101010100010110010110101010100110101000011001#NOT144,1512#SWA456,584,1072,1200#AND224,624,800,1200#SW0448,728,848,1128#LRO928,1104,174#LRO608,920,169#LRO280,824,154#XOC1168,1192,010100110110001010001010#XOR576,672,1048,1144#SW1360,704,1064,1408#SW2112,312,152,352#LRO160,640,393#XOR424,624,1048,1248#NOT80,1296#XOC408,456,011110111100000011011111010001111100001011100011#AND120,504,816,1200#AND160,400,448,688#SW124,168,96,240#SW2328,784,792,1248#
=================================================================

11	:
Fitness Score:	2.003984142685349
Bitchange:	9.940554419781622E-4
Round Function:
AND32,152,80,200#LRO48,576,408#SW1216,328,432,544#XOR0,320,640,960#XOC904,920,0110110101111110#SWA8,232,40,264#SW2192,328,520,656#SWA32,184,784,936#SW0296,336,856,896#XOR280,424,704,848#NOT1432,1536#NOT1256,1328#SW1144,640,840,1336#AND296,664,456,824#AND136,416,816,1096#SW1416,528,1080,1192#AND88,320,280,512#LRO344,1112,374#NOT784,1304#LRO1440,1568,11#SW0296,656,424,784#SWA96,656,96,656#SW0456,464,920,928#NOT1344,1520#SWA592,608,752,768#SW2120,544,664,1088#LRO704,896,141#SW08,528,344,864#LRO224,1552,488#XOC432,464,01000110010000010000110001111111#XOR72,280,512,720#AND248,688,792,1232#SW2128,336,824,1032#SW2520,792,536,808#SW2304,512,520,728#SW1280,784,776,1280#SW040,312,96,368#SWA296,512,720,936#XOC880,928,101111110101111110010111000000001011110100100111#SW296,168,560,632#
=================================================================

12	:
Fitness Score:	2.0040467595058837
Bitchange:	0.0010096469772195946
Round Function:
LRO168,648,454#SW1240,584,440,784#XOR80,424,208,552#SW248,760,336,1048#AND96,768,648,1320#NOT768,1504#XOR200,392,448,640#XOC272,288,1110001000011001#SW1152,712,680,1240#AND560,600,1128,1168#XOR296,528,792,1024#SW1264,456,456,648#LRO440,1472,565#XOC480,520,1010111100101000100111001101100011100101#SW1344,632,1088,1376#LRO72,1200,505#LRO832,1352,397#XOR8,544,712,1248#SW180,456,864,1240#SW2288,664,296,672#XOC616,640,001001111110000010010100#AND40,584,328,872#XOC1232,1288,01001100000000010000011100011101100001110101100010000000#LRO64,1440,1222#SW2192,208,576,592#SW1208,480,496,768#SW0296,344,648,696#SW0264,776,704,1216#AND448,792,624,968#XOR24,712,56,744#XOR40,272,232,464#SWA424,488,936,1000#SWA168,256,688,776#NOT152,1128#SW0560,600,1240,1280#SW196,296,416,616#SW0168,672,840,1344#SW1216,728,616,1128#AND120,456,168,504#SW1120,528,536,944#
=================================================================

13	:
Fitness Score:	2.004758728210445
Bitchange:	0.001186858085085632
Round Function:
XOR144,400,440,696#SWA144,384,496,736#XOC1360,1368,00001001#LRO656,712,44#SW1144,296,888,1040#XOR560,744,1088,1272#SW1448,504,880,936#XOR16,264,520,768#XOC936,992,11010011000000110000101010101001111110111110100110111111#SW0144,560,160,576#SW1416,496,1032,1112#XOC1216,1224,11100100#XOR456,528,1048,1120#AND88,280,488,680#SW0264,304,936,976#XOR176,232,232,288#AND104,448,560,904#SWA192,208,456,472#SW1168,408,224,464#NOT304,1120#XOR104,584,448,928#XOC32,72,0111000110110100101010010001100011000001#SW288,664,528,1104#SW0568,704,576,712#AND56,96,72,112#NOT872,1376#SW2536,632,1200,1296#LRO24,1424,141#AND40,744,472,1176#NOT168,1256#XOC752,800,101101101101100010111000100000001011100110100101#NOT312,1040#XOC472,520,111001101010001101001010111110010001000111001001#SW048,344,744,1040#NOT400,448#AND488,792,696,1000#SW0224,376,288,440#SW0376,600,880,1104#NOT240,1480#LRO112,384,214#
=================================================================

14	:
Fitness Score:	2.0050139989386424
Bitchange:	0.0012503650700934179
Round Function:
XOC1000,1040,1010101101010001001100101101100001000110#AND136,176,616,656#LRO544,992,13#XOC1016,1024,11001101#SW1168,496,304,632#XOC1272,1304,01101011111101010010011010100011#AND336,432,1048,1144#NOT1192,1384#SW116,536,520,1040#AND16,416,328,728#AND440,480,592,632#LRO344,1544,80#SW0496,672,856,1032#AND536,720,656,840#SWA648,768,912,1032#SW1472,672,832,1032#AND712,728,1264,1280#XOR384,560,408,584#XOC688,696,00100110#AND208,216,864,872#SWA128,608,872,1352#SWA232,584,856,1208#SW0224,576,976,1328#NOT680,1496#SW0368,744,1016,1392#SW1264,416,272,424#NOT872,1584#XOR432,560,1048,1176#SW0240,696,456,912#LRO432,1392,519#XOR192,624,416,848#SWA80,96,568,584#SW28,792,792,1576#LRO256,984,66#SW1168,512,712,1056#SW288,120,704,736#SW040,656,360,976#XOR592,728,1240,1376#SW1128,552,584,1008#SW00,592,528,1120#
=================================================================

15	:
Fitness Score:	2.0054803797675906
Bitchange:	0.0013663508810357813
Round Function:
SW0160,672,432,944#SW2576,712,976,1112#XOR152,680,928,1456#SW0632,768,1120,1256#NOT288,1248#SW18,160,512,664#SW0496,568,1176,1248#XOR96,792,760,1456#SW2624,792,816,984#SW040,232,424,616#LRO104,448,116#XOR560,624,704,768#NOT1256,1400#SW2440,696,960,1216#SWA440,544,720,824#AND344,504,968,1128#SW1216,360,568,712#XOR176,696,792,1312#XOC1080,1120,0110111111000000100001011011111111010001#LRO632,1128,392#XOC16,32,1000110001100101#LRO912,1128,149#AND520,648,840,968#AND8,72,312,376#XOR672,704,784,816#LRO416,1360,436#SW1432,624,696,888#SW0392,576,504,688#SW0376,680,1008,1312#SW0360,384,800,824#SW2168,240,440,512#NOT264,1112#SW0216,280,384,448#AND320,464,776,920#LRO1448,1520,20#LRO976,1176,73#AND248,744,632,1128#XOC832,840,00111111#XOR368,640,440,712#NOT320,344#
=================================================================

16	:
Fitness Score:	2.005541560560196
Bitchange:	0.0013815621349298618
Round Function:
SWA688,784,1128,1224#XOC152,192,0010111110010100011001101011000011011111#AND136,368,424,656#LRO936,1128,55#NOT0,1384#AND216,408,568,760#AND176,688,320,832#NOT456,496#SW1560,736,1120,1296#SW1144,632,848,1336#NOT456,1464#NOT992,1400#AND72,344,688,960#SW1544,592,680,728#SW0536,696,1144,1304#SW0152,624,576,1048#AND144,336,800,992#SW288,392,816,1120#SW1152,656,712,1216#SW2120,408,336,624#SW1472,608,536,672#LRO152,1456,1010#LRO560,1400,672#SWA376,576,640,840#XOC360,408,011111001101011110101100110101101100001011110111#SWA192,272,984,1064#XOC1464,1504,1000011000110101110000000001101001010111#NOT888,896#LRO1328,1440,44#NOT192,1392#SW2264,608,704,1048#SW256,184,200,328#LRO56,1048,234#NOT32,1248#LRO152,1120,959#XOR224,464,256,496#SWA200,568,784,1152#SW1160,464,752,1056#SW1152,416,320,584#SW0400,656,776,1032#
=================================================================

17	:
Fitness Score:	2.006276021341219
Bitchange:	0.0015640971816588273
Round Function:
XOR440,736,728,1024#XOC488,496,11010110#AND456,648,688,880#XOR408,704,1136,1432#NOT664,1416#SW1136,600,576,1040#SW0432,560,1200,1328#SW0744,792,1480,1528#LRO736,1528,564#NOT1120,1440#SWA264,792,1000,1528#SW0208,704,920,1416#XOR520,640,992,1112#SWA56,568,592,1104#XOR0,120,488,608#XOC976,984,10111011#XOC1176,1224,011011000111010110010100011100100101011011110110#SW1240,672,1024,1456#LRO496,1432,683#SW140,672,224,856#SW016,360,304,648#XOR168,736,920,1488#LRO304,1264,316#SWA240,792,904,1456#XOR80,120,704,744#SW2112,720,624,1232#SW2416,576,440,600#NOT8,464#AND56,176,216,336#AND104,424,560,880#AND424,488,824,888#AND112,288,200,376#XOC592,640,010101000010010100010100111100111110101101001110#XOC456,488,11011100111011111001110000110101#LRO136,552,38#SW256,376,832,1152#SW2224,488,704,968#XOR568,680,696,808#AND96,768,576,1248#SW0224,464,968,1208#
=================================================================

18	:
Fitness Score:	2.0062836748053323
Bitchange:	0.0015659985883955873
Round Function:
SW1344,664,1008,1328#SW0128,656,720,1248#XOC952,1000,001001111011001110101000110000110001000010011110#NOT328,496#SW0240,528,608,896#AND128,272,568,712#LRO416,944,388#XOR536,664,816,944#LRO80,1512,1162#XOC808,864,11010010001011100101101000000000010000110101110001101011#LRO912,1320,222#SW0240,488,600,848#SWA320,792,632,1104#AND184,520,728,1064#SW0544,776,840,1072#AND304,544,416,656#AND120,464,624,968#XOR256,656,752,1152#LRO224,1112,265#NOT1440,1496#SW0136,264,896,1024#AND128,672,792,1336#SWA128,408,384,664#XOC1152,1184,10110101111011001111011101000100#SW0200,408,456,664#AND536,720,1320,1504#AND144,280,424,560#SW1120,456,416,752#SWA296,656,864,1224#SW0224,576,464,816#SW1600,672,1328,1400#XOR200,352,704,856#XOR256,528,672,944#SW2192,672,744,1224#XOR336,632,1048,1344#SW032,432,88,488#SW2144,584,800,1240#LRO632,1128,243#XOR592,640,1160,1208#SW2352,616,904,1168#
=================================================================

19	:
Fitness Score:	2.0068256885214875
Bitchange:	0.0017006181853582002
Round Function:
SW0336,656,984,1304#SW0360,728,1000,1368#SW1264,768,712,1216#NOT0,1016#SW232,336,352,656#SW048,296,696,944#XOC1456,1504,011000001000111011110010100110110010000110111010#SW172,656,568,1152#SWA320,328,560,568#AND88,248,272,432#SW0248,464,1032,1248#NOT512,776#LRO440,1160,392#XOC744,776,11010110010111010011011101110110#SW0192,544,288,640#SW2704,792,1352,1440#SW1304,512,352,560#XOR144,152,440,448#XOR344,464,568,688#XOR152,280,632,760#AND368,768,592,992#LRO88,144,1#AND96,176,344,424#SW1696,768,872,944#SWA328,760,1000,1432#NOT744,1488#AND136,328,840,1032#LRO16,112,34#XOR408,432,616,640#SW2344,648,688,992#SWA432,576,920,1064#SWA160,624,504,968#SW056,192,488,624#XOC1448,1488,0011010000000010101110010011010100001100#LRO1096,1320,157#SW1296,440,752,896#NOT504,1496#XOR752,784,872,904#XOR720,736,1104,1120#AND136,360,160,384#
=================================================================

20	:
Fitness Score:	2.007056975575354
Bitchange:	0.0017580406688083535
Round Function:
SW00,152,48,200#SWA56,248,408,600#NOT384,1304#AND240,248,736,744#SW2144,656,616,1128#SWA120,240,160,280#SW2400,640,856,1096#SW2240,408,752,920#LRO576,1064,297#XOC352,392,0010010101100010111100001000010011010000#XOC120,176,00001100101110110001000100110000011110011100100100011000#NOT96,624#NOT440,640#AND472,640,904,1072#SW0248,496,1024,1272#NOT1072,1136#SW0328,424,784,880#SW296,752,456,1112#XOR24,424,296,696#SWA56,536,416,896#SW0536,616,576,656#SWA56,376,552,872#SW0136,168,640,672#XOR24,240,416,632#SW2136,208,880,952#NOT240,760#SW1712,760,736,784#SWA336,544,512,720#SW2672,720,992,1040#AND176,760,216,800#SWA360,480,920,1040#SW088,752,232,896#SW248,728,64,744#NOT576,1176#XOR192,224,960,992#XOC264,288,100110111011100000101110#SW0376,496,880,1000#LRO376,1392,395#XOR456,472,888,904#XOR392,664,448,720#
=================================================================

21	:
Fitness Score:	2.007924393739591
Bitchange:	0.0019732799114095924
Round Function:
XOC576,592,0010111110111111#NOT584,1504#NOT416,1344#LRO376,936,112#XOR152,384,720,952#SW0144,568,144,568#AND160,616,448,904#LRO1088,1160,39#XOR48,528,128,608#AND80,464,632,1016#SW1152,648,488,984#XOR40,248,192,400#LRO912,1384,112#SW1160,464,176,480#SW2296,392,1016,1112#SW0176,672,456,952#SW0120,184,832,896#XOC528,552,100111011100110001000100#SW088,464,440,816#AND96,696,768,1368#SW0352,624,1104,1376#LRO864,1072,38#AND312,376,608,672#XOC968,1000,01100010110100001010100110110010#XOC888,944,01110001100101111011000111100001001101111011010011010000#NOT280,544#SW0376,528,520,672#AND208,408,400,600#LRO208,416,89#XOR136,648,800,1312#SW272,280,400,608#NOT1232,1528#SWA112,408,640,936#SW0312,392,1040,1120#XOC640,648,10001110#SWA16,88,24,96#AND88,536,736,1184#SW1376,424,672,720#NOT1176,1528#SW1440,560,1040,1160#
=================================================================

22	:
Fitness Score:	2.008990535795595
Bitchange:	0.00223757544781924
Round Function:
LRO544,712,71#SW0368,728,424,784#SW2496,520,1232,1256#SWA144,608,440,904#XOC384,400,1111000011100011#SW024,784,416,1176#SW1560,608,656,704#XOC1016,1040,110101010000000100000101#SWA216,224,792,800#XOC752,784,01010011000110111011001010001111#SW056,280,280,504#NOT440,1152#NOT768,1408#SWA168,720,704,1256#AND120,192,784,856#SW0360,640,416,696#NOT184,832#SW1224,656,848,1280#XOR0,128,496,624#SW0344,424,1112,1192#XOC104,128,110010000101101100100111#SW2288,784,632,1128#SW0224,680,600,1056#SW172,312,496,736#XOC1320,1336,1000110011101100#NOT464,1008#SW1336,776,744,1184#NOT1256,1408#NOT72,400#NOT1312,1432#XOR176,360,448,632#XOR216,576,312,672#LRO200,1384,632#AND64,544,504,984#XOR296,328,696,728#SW2176,656,712,1192#XOC888,936,000111011010001111010011010111101000111010000111#SW2272,784,304,816#XOR176,208,832,864#SWA568,784,1056,1272#
=================================================================

23	:
Fitness Score:	2.0141685566500986
Bitchange:	0.003517222181658759
Round Function:
XOR512,680,1096,1264#SWA592,712,1024,1144#SW2240,544,272,576#LRO920,1544,370#SW1464,488,560,584#SWA224,368,728,872#SW2112,552,792,1232#XOR80,672,192,784#NOT344,952#XOR200,312,792,904#SW1512,640,792,920#LRO0,1288,799#SW0248,384,632,768#SW2488,664,1200,1376#XOC632,640,10011101#SW0688,760,696,768#SW2232,648,256,672#SW1456,544,496,584#SWA328,680,664,1016#SW1448,688,832,1072#XOR184,680,816,1312#LRO400,928,393#AND136,160,448,472#SW0672,792,1216,1336#SW2288,440,464,616#LRO48,1400,984#SW180,208,736,864#AND296,464,1088,1256#XOC128,168,1110001000010110100100100011000000110011#NOT200,560#XOR120,552,680,1112#SW0216,672,536,992#XOR112,304,872,1064#XOR120,272,472,624#XOR80,160,192,272#SW1280,288,952,960#XOR112,256,592,736#LRO408,1280,423#SW1656,696,1304,1344#XOC632,664,00011111011001101111010100001001#
=================================================================

24	:
Fitness Score:	2.0147395374031656
Bitchange:	0.0036579262801790103
Round Function:
SW08,520,752,1264#SW0120,432,328,640#SW1472,584,656,768#SW0200,232,536,568#NOT96,1448#SW0240,248,584,592#SW2440,512,1008,1080#XOR240,536,992,1288#XOC1288,1328,0010000000101111010100100011101101000010#SW0192,432,920,1160#XOR432,664,856,1088#SW0488,720,1224,1456#SWA728,784,1216,1272#XOR208,560,816,1168#LRO600,1160,405#SW124,456,280,712#NOT904,1424#XOR200,360,352,512#SW2136,248,632,744#LRO416,1336,688#SW0464,664,1136,1336#AND144,352,272,480#NOT616,640#SW2272,792,320,840#SW2472,784,1088,1400#AND160,384,824,1048#XOC1496,1536,1111100101011111100100100110011111011000#SW0568,592,936,960#SW224,752,416,1144#LRO816,1176,98#AND32,584,744,1296#SWA392,656,552,816#XOC872,912,0000010010100101101010001101000010110000#AND248,568,568,888#SW2408,488,744,824#SW0608,680,840,912#XOC984,1000,1110000011100101#NOT112,648#AND280,696,408,824#XOR80,760,712,1392#
=================================================================

25	:
Fitness Score:	2.0172123746832797
Bitchange:	0.004266376435942225
Round Function:
AND184,496,936,1248#XOC328,360,01100110111110110101000000100100#SW1288,760,576,1048#SW0112,152,680,720#NOT24,816#LRO424,608,83#NOT48,176#SW2208,216,712,720#NOT920,1112#NOT312,528#SW1240,320,1032,1112#AND440,528,832,920#SW0160,592,688,1120#AND16,144,448,576#SW0256,736,1000,1480#LRO496,976,91#SWA208,280,952,1024#XOR152,664,928,1440#LRO728,1040,140#SWA696,768,1216,1288#SW1176,360,656,840#SW2416,512,656,752#LRO184,976,683#SW1424,584,1128,1288#SWA272,720,712,1160#XOR8,496,40,528#SW2336,624,808,1096#XOC1496,1528,10101000101101100011011100110101#SW0376,664,904,1192#SW1232,600,576,944#SWA544,704,816,976#AND440,584,520,664#XOC1048,1064,0000001111111001#AND392,688,392,688#SW2320,600,632,912#SW1144,360,256,472#AND568,640,1040,1112#AND80,304,88,312#SW1432,584,496,648#SWA176,360,208,392#
=================================================================

26	:
Fitness Score:	2.0215482614173874
Bitchange:	0.0053296430831384625
Round Function:
AND112,272,680,840#SW016,200,288,472#LRO880,1400,506#SW2376,440,840,904#SWA328,472,1048,1192#SW00,464,400,864#LRO864,1168,55#SW072,472,104,504#SW1336,560,632,856#AND128,440,144,456#SWA176,368,856,1048#SWA392,520,864,992#SWA688,752,1480,1544#LRO152,808,64#XOR56,560,264,768#SW296,208,280,392#SW1376,768,1048,1440#SW0704,728,776,800#SW180,760,312,992#SWA168,768,872,1472#SW1312,592,1064,1344#XOR120,368,392,640#XOR120,200,200,280#SW1168,704,704,1240#NOT352,1280#XOR48,328,424,704#NOT144,1272#SW1576,776,736,936#SW032,272,208,448#SWA104,144,720,760#SW0224,464,568,808#XOR8,624,752,1368#XOR152,240,848,936#XOC512,536,111111101011001100111110#XOR336,568,912,1144#XOR168,360,504,696#XOR88,488,280,680#SWA344,544,728,928#LRO776,1152,48#SWA480,608,1008,1136#
=================================================================

27	:
Fitness Score:	2.6718634740711953
Bitchange:	0.12572937962422487
Round Function:
NOT552,1408#SWA192,656,352,816#SW08,680,568,1240#SW124,144,232,352#XOR352,496,1136,1280#XOR136,648,232,744#XOC1400,1416,0000010100101110#XOC1136,1176,0100000100011101011010011010111001100010#XOR32,552,824,1344#LRO192,896,32#XOC1088,1112,000100100101110111011001#XOR64,688,472,1096#NOT432,1024#XOR464,656,1144,1336#XOC528,568,1100110100001101001100011010010100111110#XOR136,416,344,624#XOR0,392,296,688#NOT320,1384#XOR440,792,1096,1448#SW0304,384,400,480#SW10,608,672,1280#SW0544,720,1136,1312#SW1240,544,528,832#XOR312,680,928,1296#SW148,712,112,776#NOT776,1536#SW2744,792,752,800#SWA144,680,640,1176#XOR368,784,648,1064#NOT544,1176#LRO1072,1416,6#XOR40,560,320,840#XOR64,312,488,736#XOR200,616,232,648#SWA96,632,376,912#XOR200,768,384,952#SWA376,648,400,672#XOR24,720,384,1080#XOR0,768,368,1136#SW2328,632,1040,1344#
=================================================================

28	:
Fitness Score:	2.6718634740711953
Bitchange:	0.12572937962422487
Round Function:
NOT552,1408#SWA192,656,352,816#SW08,680,568,1240#SW124,144,232,352#XOR352,496,1136,1280#XOR136,648,232,744#XOC1400,1416,0000010100101110#XOC1136,1176,0100000100011101011010011010111001100010#XOR32,552,824,1344#LRO192,896,32#XOC1088,1112,000100100101110111011001#NOT808,1272#NOT432,1024#XOR464,656,1144,1336#XOC528,568,1100110100001101001100011010010100111110#XOR136,416,344,624#XOR0,392,296,688#NOT320,1384#XOR440,792,1096,1448#SW0304,384,400,480#SW10,608,672,1280#SW0544,720,1136,1312#SW1240,544,528,832#XOR312,680,928,1296#SW148,712,112,776#NOT776,1536#SW2744,792,752,800#SWA144,680,640,1176#XOR368,784,648,1064#NOT544,1176#LRO1072,1416,6#XOR40,560,320,840#XOR64,312,488,736#XOR200,616,232,648#SWA96,632,376,912#XOR200,768,384,952#SWA376,648,400,672#XOR24,720,384,1080#XOR0,768,368,1136#NOT192,1248#
=================================================================

29	:
Fitness Score:	2.6718634740711953
Bitchange:	0.12572937962422487
Round Function:
NOT552,1408#SWA192,656,352,816#SW08,680,568,1240#SW124,144,232,352#XOR352,496,1136,1280#XOR136,648,232,744#XOC1400,1416,0000010100101110#XOC1136,1176,0100000100011101011010011010111001100010#XOR32,552,824,1344#LRO192,896,32#XOC1088,1112,000100100101110111011001#NOT808,1272#NOT432,1024#XOR464,656,1144,1336#LRO416,608,191#XOR136,416,344,624#XOR0,392,296,688#NOT320,1384#XOR440,792,1096,1448#SW0304,384,400,480#SW10,608,672,1280#SW0544,720,1136,1312#SW1240,544,528,832#XOR312,680,928,1296#SW148,712,112,776#NOT776,1536#NOT168,512#SWA144,680,640,1176#XOR368,784,648,1064#NOT544,1176#LRO1072,1416,6#XOR40,560,320,840#XOR64,312,488,736#XOR200,616,232,648#SWA96,632,376,912#XOR200,768,384,952#SWA376,648,400,672#XOR24,720,384,1080#XOR0,768,368,1136#NOT192,1248#
=================================================================

30	:
Fitness Score:	2.6718634740711953
Bitchange:	0.12572937962422487
Round Function:
NOT552,1408#SWA192,656,352,816#SW08,680,568,1240#SW124,144,232,352#XOR352,496,1136,1280#XOR136,648,232,744#XOC1400,1416,0000010100101110#XOC1136,1176,0100000100011101011010011010111001100010#XOR32,552,824,1344#LRO192,896,32#XOC1088,1112,000100100101110111011001#XOR64,688,472,1096#NOT432,1024#XOR464,656,1144,1336#LRO416,608,191#XOR136,416,344,624#XOR0,392,296,688#NOT320,1384#XOR440,792,1096,1448#SW0304,384,400,480#SW10,608,672,1280#SW0544,720,1136,1312#SW1240,544,528,832#XOR312,680,928,1296#SW148,712,112,776#NOT776,1536#SW2744,792,752,800#SWA144,680,640,1176#XOR368,784,648,1064#NOT544,1176#LRO1072,1416,6#XOR40,560,320,840#XOR64,312,488,736#XOR200,616,232,648#SWA96,632,376,912#XOR200,768,384,952#SWA376,648,400,672#XOR24,720,384,1080#XOR0,768,368,1136#NOT192,1248#
=================================================================

31	:
Fitness Score:	2.6718634740711953
Bitchange:	0.12572937962422487
Round Function:
NOT552,1408#SWA192,656,352,816#SW08,680,568,1240#SW124,144,232,352#XOR352,496,1136,1280#XOR136,648,232,744#XOC1400,1416,0000010100101110#XOC1136,1176,0100000100011101011010011010111001100010#XOR32,552,824,1344#LRO192,896,32#XOC1088,1112,000100100101110111011001#NOT808,1272#NOT432,1024#XOR464,656,1144,1336#LRO416,608,191#XOR136,416,344,624#XOR0,392,296,688#NOT320,1384#XOR440,792,1096,1448#SW0304,384,400,480#SW10,608,672,1280#SW0544,720,1136,1312#SW1240,544,528,832#XOR312,680,928,1296#SW148,712,112,776#NOT776,1536#NOT168,512#SWA144,680,640,1176#XOR368,784,648,1064#NOT544,1176#LRO1072,1416,6#XOR40,560,320,840#XOR64,312,488,736#XOR200,616,232,648#SWA96,632,376,912#XOR200,768,384,952#SWA376,648,400,672#XOR24,720,384,1080#XOR0,768,368,1136#NOT192,1248#
=================================================================

32	:
Fitness Score:	2.6718634740711953
Bitchange:	0.12572937962422487
Round Function:
NOT552,1408#SWA192,656,352,816#SW08,680,568,1240#SW124,144,232,352#XOR352,496,1136,1280#XOR136,648,232,744#XOC1400,1416,0000010100101110#XOC1136,1176,0100000100011101011010011010111001100010#XOR32,552,824,1344#LRO192,896,32#XOC1088,1112,000100100101110111011001#XOR64,688,472,1096#NOT432,1024#XOR464,656,1144,1336#XOC528,568,1100110100001101001100011010010100111110#XOR136,416,344,624#XOR0,392,296,688#NOT320,1384#XOR440,792,1096,1448#SW0304,384,400,480#SW10,608,672,1280#SW0544,720,1136,1312#SW1240,544,528,832#XOR312,680,928,1296#SW148,712,112,776#NOT776,1536#SW2744,792,752,800#SWA144,680,640,1176#XOR368,784,648,1064#NOT544,1176#LRO1072,1416,6#XOR40,560,320,840#XOR64,312,488,736#XOR200,616,232,648#SWA96,632,376,912#XOR200,768,384,952#SWA376,648,400,672#XOR24,720,384,1080#XOR0,768,368,1136#SW2328,632,1040,1344#
=================================================================

33	:
Fitness Score:	2.6718634740711953
Bitchange:	0.12572937962422487
Round Function:
NOT552,1408#SWA192,656,352,816#SW08,680,568,1240#SW124,144,232,352#XOR352,496,1136,1280#XOR136,648,232,744#XOC1400,1416,0000010100101110#XOC1136,1176,0100000100011101011010011010111001100010#XOR32,552,824,1344#LRO192,896,32#XOC1088,1112,000100100101110111011001#NOT808,1272#NOT432,1024#XOR464,656,1144,1336#XOC528,568,1100110100001101001100011010010100111110#XOR136,416,344,624#XOR0,392,296,688#NOT320,1384#XOR440,792,1096,1448#SW0304,384,400,480#SW10,608,672,1280#SW0544,720,1136,1312#SW1240,544,528,832#XOR312,680,928,1296#SW148,712,112,776#NOT776,1536#SW2744,792,752,800#SWA144,680,640,1176#XOR368,784,648,1064#NOT544,1176#LRO1072,1416,6#XOR40,560,320,840#XOR64,312,488,736#XOR200,616,232,648#SWA96,632,376,912#XOR200,768,384,952#SWA376,648,400,672#XOR24,720,384,1080#XOR0,768,368,1136#NOT192,1248#
=================================================================

34	:
Fitness Score:	2.6718634740711953
Bitchange:	0.12572937962422487
Round Function:
NOT552,1408#SWA192,656,352,816#SW08,680,568,1240#SW124,144,232,352#XOR352,496,1136,1280#XOR136,648,232,744#XOC1400,1416,0000010100101110#XOC1136,1176,0100000100011101011010011010111001100010#XOR32,552,824,1344#LRO192,896,32#XOC1088,1112,000100100101110111011001#XOR64,688,472,1096#NOT432,1024#XOR464,656,1144,1336#XOC528,568,1100110100001101001100011010010100111110#XOR136,416,344,624#XOR0,392,296,688#NOT320,1384#XOR440,792,1096,1448#SW0304,384,400,480#SW10,608,672,1280#SW0544,720,1136,1312#SW1240,544,528,832#XOR312,680,928,1296#SW148,712,112,776#NOT776,1536#SW2744,792,752,800#SWA144,680,640,1176#XOR368,784,648,1064#NOT544,1176#LRO1072,1416,6#XOR40,560,320,840#XOR64,312,488,736#XOR200,616,232,648#SWA96,632,376,912#XOR200,768,384,952#SWA376,648,400,672#XOR24,720,384,1080#XOR0,768,368,1136#NOT192,1248#
=================================================================

35	:
Fitness Score:	2.6718634740711953
Bitchange:	0.12572937962422487
Round Function:
NOT552,1408#SWA192,656,352,816#SW08,680,568,1240#SW124,144,232,352#XOR352,496,1136,1280#XOR136,648,232,744#XOC1400,1416,0000010100101110#XOC1136,1176,0100000100011101011010011010111001100010#XOR32,552,824,1344#LRO192,896,32#XOC1088,1112,000100100101110111011001#XOR64,688,472,1096#NOT432,1024#XOR464,656,1144,1336#XOC528,568,1100110100001101001100011010010100111110#XOR136,416,344,624#XOR0,392,296,688#NOT320,1384#XOR440,792,1096,1448#SW0304,384,400,480#SW10,608,672,1280#SW0544,720,1136,1312#SW1240,544,528,832#XOR312,680,928,1296#SW148,712,112,776#NOT776,1536#NOT168,512#SWA144,680,640,1176#XOR368,784,648,1064#NOT544,1176#LRO1072,1416,6#XOR40,560,320,840#XOR64,312,488,736#XOR200,616,232,648#SWA96,632,376,912#XOR200,768,384,952#SWA376,648,400,672#XOR24,720,384,1080#XOR0,768,368,1136#SW2328,632,1040,1344#
=================================================================

36	:
Fitness Score:	2.6718634740711953
Bitchange:	0.12572937962422487
Round Function:
NOT552,1408#SWA192,656,352,816#SW08,680,568,1240#SW124,144,232,352#XOR352,496,1136,1280#XOR136,648,232,744#XOC1400,1416,0000010100101110#XOC1136,1176,0100000100011101011010011010111001100010#XOR32,552,824,1344#LRO192,896,32#XOC1088,1112,000100100101110111011001#XOR64,688,472,1096#NOT432,1024#XOR464,656,1144,1336#XOC528,568,1100110100001101001100011010010100111110#XOR136,416,344,624#XOR0,392,296,688#NOT320,1384#XOR440,792,1096,1448#SW0304,384,400,480#SW10,608,672,1280#SW0544,720,1136,1312#SW1240,544,528,832#XOR312,680,928,1296#SW148,712,112,776#NOT776,1536#SW2744,792,752,800#SWA144,680,640,1176#XOR368,784,648,1064#NOT544,1176#LRO1072,1416,6#XOR40,560,320,840#XOR64,312,488,736#XOR200,616,232,648#SWA96,632,376,912#XOR200,768,384,952#SWA376,648,400,672#XOR24,720,384,1080#XOR0,768,368,1136#SW2328,632,1040,1344#
=================================================================

37	:
Fitness Score:	2.6718634740711953
Bitchange:	0.12572937962422487
Round Function:
NOT552,1408#SWA192,656,352,816#SW08,680,568,1240#SW124,144,232,352#XOR352,496,1136,1280#XOR136,648,232,744#XOC1400,1416,0000010100101110#XOC1136,1176,0100000100011101011010011010111001100010#XOR32,552,824,1344#LRO192,896,32#NOT240,1296#NOT808,1272#NOT432,1024#XOR464,656,1144,1336#XOC528,568,1100110100001101001100011010010100111110#XOR136,416,344,624#XOR0,392,296,688#NOT320,1384#XOR440,792,1096,1448#SW0304,384,400,480#SW10,608,672,1280#SW0544,720,1136,1312#SW1240,544,528,832#XOR312,680,928,1296#SW148,712,112,776#NOT776,1536#SW2744,792,752,800#SWA144,680,640,1176#XOR368,784,648,1064#NOT544,1176#LRO1072,1416,6#XOR40,560,320,840#XOR64,312,488,736#XOR200,616,232,648#SWA96,632,376,912#XOR200,768,384,952#SWA376,648,400,672#XOR24,720,384,1080#XOR0,768,368,1136#SW2328,632,1040,1344#
=================================================================

38	:
Fitness Score:	2.6718634740711953
Bitchange:	0.12572937962422487
Round Function:
NOT552,1408#SWA192,656,352,816#SW08,680,568,1240#SW124,144,232,352#XOR352,496,1136,1280#XOR136,648,232,744#XOC1400,1416,0000010100101110#XOC1136,1176,0100000100011101011010011010111001100010#XOR32,552,824,1344#LRO192,896,32#NOT240,1296#XOR64,688,472,1096#NOT432,1024#XOR464,656,1144,1336#XOC528,568,1100110100001101001100011010010100111110#XOR136,416,344,624#XOR0,392,296,688#NOT320,1384#XOR440,792,1096,1448#SW0304,384,400,480#SW10,608,672,1280#SW0544,720,1136,1312#SW1240,544,528,832#XOR312,680,928,1296#SW148,712,112,776#NOT776,1536#SW2744,792,752,800#SWA144,680,640,1176#XOR368,784,648,1064#NOT544,1176#LRO1072,1416,6#XOR40,560,320,840#XOR64,312,488,736#XOR200,616,232,648#SWA96,632,376,912#XOR200,768,384,952#SWA376,648,400,672#XOR24,720,384,1080#XOR0,768,368,1136#NOT192,1248#
=================================================================

39	:
Fitness Score:	2.6718634740711953
Bitchange:	0.12572937962422487
Round Function:
NOT552,1408#SWA192,656,352,816#SW08,680,568,1240#SW124,144,232,352#XOR352,496,1136,1280#XOR136,648,232,744#XOC1400,1416,0000010100101110#XOC1136,1176,0100000100011101011010011010111001100010#XOR32,552,824,1344#LRO192,896,32#XOC1088,1112,000100100101110111011001#NOT808,1272#NOT432,1024#XOR464,656,1144,1336#LRO416,608,191#XOR136,416,344,624#XOR0,392,296,688#NOT320,1384#XOR440,792,1096,1448#SW0304,384,400,480#SW10,608,672,1280#SW0544,720,1136,1312#SW1240,544,528,832#XOR312,680,928,1296#SW148,712,112,776#NOT776,1536#NOT168,512#SWA144,680,640,1176#XOR368,784,648,1064#NOT544,1176#LRO1072,1416,6#XOR40,560,320,840#XOR64,312,488,736#XOR200,616,232,648#SWA96,632,376,912#XOR200,768,384,952#SWA376,648,400,672#XOR24,720,384,1080#XOR0,768,368,1136#SW2328,632,1040,1344#
=================================================================

40	:
Fitness Score:	2.6718634740711953
Bitchange:	0.12572937962422487
Round Function:
NOT552,1408#SWA192,656,352,816#SW08,680,568,1240#SW124,144,232,352#XOR352,496,1136,1280#XOR136,648,232,744#XOC1400,1416,0000010100101110#XOC1136,1176,0100000100011101011010011010111001100010#XOR32,552,824,1344#LRO192,896,32#XOC1088,1112,000100100101110111011001#NOT808,1272#NOT432,1024#XOR464,656,1144,1336#XOC528,568,1100110100001101001100011010010100111110#XOR136,416,344,624#XOR0,392,296,688#NOT320,1384#XOR440,792,1096,1448#SW0304,384,400,480#SW10,608,672,1280#SW0544,720,1136,1312#SW1240,544,528,832#XOR312,680,928,1296#SW148,712,112,776#NOT776,1536#NOT168,512#SWA144,680,640,1176#XOR368,784,648,1064#NOT544,1176#LRO1072,1416,6#XOR40,560,320,840#XOR64,312,488,736#XOR200,616,232,648#SWA96,632,376,912#XOR200,768,384,952#SWA376,648,400,672#XOR24,720,384,1080#XOR0,768,368,1136#SW2328,632,1040,1344#
=================================================================

41	:
Fitness Score:	2.6718634740711953
Bitchange:	0.12572937962422487
Round Function:
NOT552,1408#SWA192,656,352,816#SW08,680,568,1240#SW124,144,232,352#XOR352,496,1136,1280#XOR136,648,232,744#XOC1400,1416,0000010100101110#XOC1136,1176,0100000100011101011010011010111001100010#XOR32,552,824,1344#LRO192,896,32#XOC1088,1112,000100100101110111011001#XOR64,688,472,1096#NOT432,1024#XOR464,656,1144,1336#XOC528,568,1100110100001101001100011010010100111110#XOR136,416,344,624#XOR0,392,296,688#NOT320,1384#XOR440,792,1096,1448#SW0304,384,400,480#SW10,608,672,1280#SW0544,720,1136,1312#SW1240,544,528,832#XOR312,680,928,1296#SW148,712,112,776#NOT776,1536#SW2744,792,752,800#SWA144,680,640,1176#XOR368,784,648,1064#NOT544,1176#LRO1072,1416,6#XOR40,560,320,840#XOR64,312,488,736#XOR200,616,232,648#SWA96,632,376,912#XOR200,768,384,952#SWA376,648,400,672#XOR24,720,384,1080#XOR0,768,368,1136#NOT192,1248#
=================================================================

42	:
Fitness Score:	2.6718634740711953
Bitchange:	0.12572937962422487
Round Function:
NOT552,1408#SWA192,656,352,816#SW08,680,568,1240#SW124,144,232,352#XOR352,496,1136,1280#XOR136,648,232,744#XOC1400,1416,0000010100101110#XOC1136,1176,0100000100011101011010011010111001100010#XOR32,552,824,1344#LRO192,896,32#XOC1088,1112,000100100101110111011001#XOR64,688,472,1096#NOT432,1024#XOR464,656,1144,1336#LRO416,608,191#XOR136,416,344,624#XOR0,392,296,688#NOT320,1384#XOR440,792,1096,1448#SW0304,384,400,480#SW10,608,672,1280#SW0544,720,1136,1312#SW1240,544,528,832#XOR312,680,928,1296#SW148,712,112,776#NOT776,1536#SW2744,792,752,800#SWA144,680,640,1176#XOR368,784,648,1064#NOT544,1176#LRO1072,1416,6#XOR40,560,320,840#XOR64,312,488,736#XOR200,616,232,648#SWA96,632,376,912#XOR200,768,384,952#SWA376,648,400,672#XOR24,720,384,1080#XOR0,768,368,1136#SW2328,632,1040,1344#
=================================================================

43	:
Fitness Score:	2.6718634740711953
Bitchange:	0.12572937962422487
Round Function:
NOT552,1408#SWA192,656,352,816#SW08,680,568,1240#SW124,144,232,352#XOR352,496,1136,1280#XOR136,648,232,744#XOC1400,1416,0000010100101110#XOC1136,1176,0100000100011101011010011010111001100010#XOR32,552,824,1344#LRO192,896,32#NOT240,1296#NOT808,1272#NOT432,1024#XOR464,656,1144,1336#XOC528,568,1100110100001101001100011010010100111110#XOR136,416,344,624#XOR0,392,296,688#NOT320,1384#XOR440,792,1096,1448#SW0304,384,400,480#SW10,608,672,1280#SW0544,720,1136,1312#SW1240,544,528,832#XOR312,680,928,1296#SW148,712,112,776#NOT776,1536#SW2744,792,752,800#SWA144,680,640,1176#XOR368,784,648,1064#NOT544,1176#LRO1072,1416,6#XOR40,560,320,840#XOR64,312,488,736#XOR200,616,232,648#SWA96,632,376,912#XOR200,768,384,952#SWA376,648,400,672#XOR24,720,384,1080#XOR0,768,368,1136#NOT192,1248#
=================================================================

44	:
Fitness Score:	2.6718634740711953
Bitchange:	0.12572937962422487
Round Function:
NOT552,1408#SWA192,656,352,816#SW08,680,568,1240#SW124,144,232,352#XOR352,496,1136,1280#XOR136,648,232,744#XOC1400,1416,0000010100101110#XOC1136,1176,0100000100011101011010011010111001100010#XOR32,552,824,1344#LRO192,896,32#XOC1088,1112,000100100101110111011001#XOR64,688,472,1096#NOT432,1024#XOR464,656,1144,1336#LRO416,608,191#XOR136,416,344,624#XOR0,392,296,688#NOT320,1384#XOR440,792,1096,1448#SW0304,384,400,480#SW10,608,672,1280#SW0544,720,1136,1312#SW1240,544,528,832#XOR312,680,928,1296#SW148,712,112,776#NOT776,1536#SW2744,792,752,800#SWA144,680,640,1176#XOR368,784,648,1064#NOT544,1176#LRO1072,1416,6#XOR40,560,320,840#XOR64,312,488,736#XOR200,616,232,648#SWA96,632,376,912#XOR200,768,384,952#SWA376,648,400,672#XOR24,720,384,1080#XOR0,768,368,1136#SW2328,632,1040,1344#
=================================================================

45	:
Fitness Score:	2.6718634740711953
Bitchange:	0.12572937962422487
Round Function:
NOT552,1408#SWA192,656,352,816#SW08,680,568,1240#SW124,144,232,352#XOR352,496,1136,1280#XOR136,648,232,744#XOC1400,1416,0000010100101110#XOC1136,1176,0100000100011101011010011010111001100010#XOR32,552,824,1344#LRO192,896,32#XOC1088,1112,000100100101110111011001#XOR64,688,472,1096#NOT432,1024#XOR464,656,1144,1336#LRO416,608,191#XOR136,416,344,624#XOR0,392,296,688#NOT320,1384#XOR440,792,1096,1448#SW0304,384,400,480#SW10,608,672,1280#SW0544,720,1136,1312#SW1240,544,528,832#XOR312,680,928,1296#SW148,712,112,776#NOT776,1536#SW2744,792,752,800#SWA144,680,640,1176#XOR368,784,648,1064#NOT544,1176#LRO1072,1416,6#XOR40,560,320,840#XOR64,312,488,736#XOR200,616,232,648#SWA96,632,376,912#XOR200,768,384,952#SWA376,648,400,672#XOR24,720,384,1080#XOR0,768,368,1136#NOT192,1248#
=================================================================

46	:
Fitness Score:	2.6718634740711953
Bitchange:	0.12572937962422487
Round Function:
NOT552,1408#SWA192,656,352,816#SW08,680,568,1240#SW124,144,232,352#XOR352,496,1136,1280#XOR136,648,232,744#XOC1400,1416,0000010100101110#XOC1136,1176,0100000100011101011010011010111001100010#XOR32,552,824,1344#LRO192,896,32#NOT240,1296#XOR64,688,472,1096#NOT432,1024#XOR464,656,1144,1336#XOC528,568,1100110100001101001100011010010100111110#XOR136,416,344,624#XOR0,392,296,688#NOT320,1384#XOR440,792,1096,1448#SW0304,384,400,480#SW10,608,672,1280#SW0544,720,1136,1312#SW1240,544,528,832#XOR312,680,928,1296#SW148,712,112,776#NOT776,1536#SW2744,792,752,800#SWA144,680,640,1176#XOR368,784,648,1064#NOT544,1176#LRO1072,1416,6#XOR40,560,320,840#XOR64,312,488,736#XOR200,616,232,648#SWA96,632,376,912#XOR200,768,384,952#SWA376,648,400,672#XOR24,720,384,1080#XOR0,768,368,1136#SW2328,632,1040,1344#
=================================================================

47	:
Fitness Score:	2.6718634740711953
Bitchange:	0.12572937962422487
Round Function:
NOT552,1408#SWA192,656,352,816#SW08,680,568,1240#SW124,144,232,352#XOR352,496,1136,1280#XOR136,648,232,744#XOC1400,1416,0000010100101110#XOC1136,1176,0100000100011101011010011010111001100010#XOR32,552,824,1344#LRO192,896,32#NOT240,1296#XOR64,688,472,1096#NOT432,1024#XOR464,656,1144,1336#XOC528,568,1100110100001101001100011010010100111110#XOR136,416,344,624#XOR0,392,296,688#NOT320,1384#XOR440,792,1096,1448#SW0304,384,400,480#SW10,608,672,1280#SW0544,720,1136,1312#SW1240,544,528,832#XOR312,680,928,1296#SW148,712,112,776#NOT776,1536#SW2744,792,752,800#SWA144,680,640,1176#XOR368,784,648,1064#NOT544,1176#LRO1072,1416,6#XOR40,560,320,840#XOR64,312,488,736#XOR200,616,232,648#SWA96,632,376,912#XOR200,768,384,952#SWA376,648,400,672#XOR24,720,384,1080#XOR0,768,368,1136#NOT192,1248#
=================================================================

48	:
Fitness Score:	2.6718634740711953
Bitchange:	0.12572937962422487
Round Function:
NOT552,1408#SWA192,656,352,816#SW08,680,568,1240#SW124,144,232,352#XOR352,496,1136,1280#XOR136,648,232,744#XOC1400,1416,0000010100101110#XOC1136,1176,0100000100011101011010011010111001100010#XOR32,552,824,1344#LRO192,896,32#XOC1088,1112,000100100101110111011001#XOR64,688,472,1096#NOT432,1024#XOR464,656,1144,1336#LRO416,608,191#XOR136,416,344,624#XOR0,392,296,688#NOT320,1384#XOR440,792,1096,1448#SW0304,384,400,480#SW10,608,672,1280#SW0544,720,1136,1312#SW1240,544,528,832#XOR312,680,928,1296#SW148,712,112,776#NOT776,1536#NOT168,512#SWA144,680,640,1176#XOR368,784,648,1064#NOT544,1176#LRO1072,1416,6#XOR40,560,320,840#XOR64,312,488,736#XOR200,616,232,648#SWA96,632,376,912#XOR200,768,384,952#SWA376,648,400,672#XOR24,720,384,1080#XOR0,768,368,1136#NOT192,1248#
=================================================================

49	:
Fitness Score:	2.6718634740711953
Bitchange:	0.12572937962422487
Round Function:
NOT552,1408#SWA192,656,352,816#SW08,680,568,1240#SW124,144,232,352#XOR352,496,1136,1280#XOR136,648,232,744#XOC1400,1416,0000010100101110#XOC1136,1176,0100000100011101011010011010111001100010#XOR32,552,824,1344#LRO192,896,32#XOC1088,1112,000100100101110111011001#XOR64,688,472,1096#NOT432,1024#XOR464,656,1144,1336#XOC528,568,1100110100001101001100011010010100111110#XOR136,416,344,624#XOR0,392,296,688#NOT320,1384#XOR440,792,1096,1448#SW0304,384,400,480#SW10,608,672,1280#SW0544,720,1136,1312#SW1240,544,528,832#XOR312,680,928,1296#SW148,712,112,776#NOT776,1536#SW2744,792,752,800#SWA144,680,640,1176#XOR368,784,648,1064#NOT544,1176#LRO1072,1416,6#XOR40,560,320,840#XOR64,312,488,736#XOR200,616,232,648#SWA96,632,376,912#XOR200,768,384,952#SWA376,648,400,672#XOR24,720,384,1080#XOR0,768,368,1136#SW2328,632,1040,1344#
=================================================================

50	:
Fitness Score:	2.6718634740711953
Bitchange:	0.12572937962422487
Round Function:
NOT552,1408#SWA192,656,352,816#SW08,680,568,1240#SW124,144,232,352#XOR352,496,1136,1280#XOR136,648,232,744#XOC1400,1416,0000010100101110#XOC1136,1176,0100000100011101011010011010111001100010#XOR32,552,824,1344#LRO192,896,32#XOC1088,1112,000100100101110111011001#XOR64,688,472,1096#NOT432,1024#XOR464,656,1144,1336#XOC528,568,1100110100001101001100011010010100111110#XOR136,416,344,624#XOR0,392,296,688#NOT320,1384#XOR440,792,1096,1448#SW0304,384,400,480#SW10,608,672,1280#SW0544,720,1136,1312#SW1240,544,528,832#XOR312,680,928,1296#SW148,712,112,776#NOT776,1536#SW2744,792,752,800#SWA144,680,640,1176#XOR368,784,648,1064#NOT544,1176#LRO1072,1416,6#XOR40,560,320,840#XOR64,312,488,736#XOR200,616,232,648#SWA96,632,376,912#XOR200,768,384,952#SWA376,648,400,672#XOR24,720,384,1080#XOR0,768,368,1136#SW2328,632,1040,1344#
=================================================================

51	:
Fitness Score:	2.6718634740711953
Bitchange:	0.12572937962422487
Round Function:
NOT552,1408#SWA192,656,352,816#SW08,680,568,1240#SW124,144,232,352#XOR352,496,1136,1280#XOR136,648,232,744#XOC1400,1416,0000010100101110#XOC1136,1176,0100000100011101011010011010111001100010#XOR32,552,824,1344#LRO192,896,32#XOC1088,1112,000100100101110111011001#NOT808,1272#NOT432,1024#XOR464,656,1144,1336#XOC528,568,1100110100001101001100011010010100111110#XOR136,416,344,624#XOR0,392,296,688#NOT320,1384#XOR440,792,1096,1448#SW0304,384,400,480#SW10,608,672,1280#SW0544,720,1136,1312#SW1240,544,528,832#XOR312,680,928,1296#SW148,712,112,776#NOT776,1536#SW2744,792,752,800#SWA144,680,640,1176#XOR368,784,648,1064#NOT544,1176#LRO1072,1416,6#XOR40,560,320,840#XOR64,312,488,736#XOR200,616,232,648#SWA96,632,376,912#XOR200,768,384,952#SWA376,648,400,672#XOR24,720,384,1080#XOR0,768,368,1136#NOT192,1248#
=================================================================

52	:
Fitness Score:	2.6718634740711953
Bitchange:	0.12572937962422487
Round Function:
NOT552,1408#SWA192,656,352,816#SW08,680,568,1240#SW124,144,232,352#XOR352,496,1136,1280#XOR136,648,232,744#XOC1400,1416,0000010100101110#XOC1136,1176,0100000100011101011010011010111001100010#XOR32,552,824,1344#LRO192,896,32#XOC1088,1112,000100100101110111011001#NOT808,1272#NOT432,1024#XOR464,656,1144,1336#XOC528,568,1100110100001101001100011010010100111110#XOR136,416,344,624#XOR0,392,296,688#NOT320,1384#XOR440,792,1096,1448#SW0304,384,400,480#SW10,608,672,1280#SW0544,720,1136,1312#SW1240,544,528,832#XOR312,680,928,1296#SW148,712,112,776#NOT776,1536#NOT168,512#SWA144,680,640,1176#XOR368,784,648,1064#NOT544,1176#LRO1072,1416,6#XOR40,560,320,840#XOR64,312,488,736#XOR200,616,232,648#SWA96,632,376,912#XOR200,768,384,952#SWA376,648,400,672#XOR24,720,384,1080#XOR0,768,368,1136#SW2328,632,1040,1344#
=================================================================

53	:
Fitness Score:	2.6718634740711953
Bitchange:	0.12572937962422487
Round Function:
NOT552,1408#SWA192,656,352,816#SW08,680,568,1240#SW124,144,232,352#XOR352,496,1136,1280#XOR136,648,232,744#XOC1400,1416,0000010100101110#XOC1136,1176,0100000100011101011010011010111001100010#XOR32,552,824,1344#LRO192,896,32#XOC1088,1112,000100100101110111011001#XOR64,688,472,1096#NOT432,1024#XOR464,656,1144,1336#XOC528,568,1100110100001101001100011010010100111110#XOR136,416,344,624#XOR0,392,296,688#NOT320,1384#XOR440,792,1096,1448#SW0304,384,400,480#SW10,608,672,1280#SW0544,720,1136,1312#SW1240,544,528,832#XOR312,680,928,1296#SW148,712,112,776#NOT776,1536#SW2744,792,752,800#SWA144,680,640,1176#XOR368,784,648,1064#NOT544,1176#LRO1072,1416,6#XOR40,560,320,840#XOR64,312,488,736#XOR200,616,232,648#SWA96,632,376,912#XOR200,768,384,952#SWA376,648,400,672#XOR24,720,384,1080#XOR0,768,368,1136#NOT192,1248#
=================================================================

54	:
Fitness Score:	2.6718634740711953
Bitchange:	0.12572937962422487
Round Function:
NOT552,1408#SWA192,656,352,816#SW08,680,568,1240#SW124,144,232,352#XOR352,496,1136,1280#XOR136,648,232,744#XOC1400,1416,0000010100101110#XOC1136,1176,0100000100011101011010011010111001100010#XOR32,552,824,1344#LRO192,896,32#NOT240,1296#XOR64,688,472,1096#NOT432,1024#XOR464,656,1144,1336#LRO416,608,191#XOR136,416,344,624#XOR0,392,296,688#NOT320,1384#XOR440,792,1096,1448#SW0304,384,400,480#SW10,608,672,1280#SW0544,720,1136,1312#SW1240,544,528,832#XOR312,680,928,1296#SW148,712,112,776#NOT776,1536#SW2744,792,752,800#SWA144,680,640,1176#XOR368,784,648,1064#NOT544,1176#LRO1072,1416,6#XOR40,560,320,840#XOR64,312,488,736#XOR200,616,232,648#SWA96,632,376,912#XOR200,768,384,952#SWA376,648,400,672#XOR24,720,384,1080#XOR0,768,368,1136#NOT192,1248#
=================================================================

55	:
Fitness Score:	2.6718634740711953
Bitchange:	0.12572937962422487
Round Function:
NOT552,1408#SWA192,656,352,816#SW08,680,568,1240#SW124,144,232,352#XOR352,496,1136,1280#XOR136,648,232,744#XOC1400,1416,0000010100101110#XOC1136,1176,0100000100011101011010011010111001100010#XOR32,552,824,1344#LRO192,896,32#XOC1088,1112,000100100101110111011001#XOR64,688,472,1096#NOT432,1024#XOR464,656,1144,1336#XOC528,568,1100110100001101001100011010010100111110#XOR136,416,344,624#XOR0,392,296,688#NOT320,1384#XOR440,792,1096,1448#SW0304,384,400,480#SW10,608,672,1280#SW0544,720,1136,1312#SW1240,544,528,832#XOR312,680,928,1296#SW148,712,112,776#NOT776,1536#SW2744,792,752,800#SWA144,680,640,1176#XOR368,784,648,1064#NOT544,1176#LRO1072,1416,6#XOR40,560,320,840#XOR64,312,488,736#XOR200,616,232,648#SWA96,632,376,912#XOR200,768,384,952#SWA376,648,400,672#XOR24,720,384,1080#XOR0,768,368,1136#NOT192,1248#
=================================================================

56	:
Fitness Score:	2.6718634740711953
Bitchange:	0.12572937962422487
Round Function:
NOT552,1408#SWA192,656,352,816#SW08,680,568,1240#SW124,144,232,352#XOR352,496,1136,1280#XOR136,648,232,744#XOC1400,1416,0000010100101110#XOC1136,1176,0100000100011101011010011010111001100010#XOR32,552,824,1344#LRO192,896,32#XOC1088,1112,000100100101110111011001#NOT808,1272#NOT432,1024#XOR464,656,1144,1336#XOC528,568,1100110100001101001100011010010100111110#XOR136,416,344,624#XOR0,392,296,688#NOT320,1384#XOR440,792,1096,1448#SW0304,384,400,480#SW10,608,672,1280#SW0544,720,1136,1312#SW1240,544,528,832#XOR312,680,928,1296#SW148,712,112,776#NOT776,1536#SW2744,792,752,800#SWA144,680,640,1176#XOR368,784,648,1064#NOT544,1176#LRO1072,1416,6#XOR40,560,320,840#XOR64,312,488,736#XOR200,616,232,648#SWA96,632,376,912#XOR200,768,384,952#SWA376,648,400,672#XOR24,720,384,1080#XOR0,768,368,1136#SW2328,632,1040,1344#
=================================================================

57	:
Fitness Score:	2.6718634740711953
Bitchange:	0.12572937962422487
Round Function:
NOT552,1408#SWA192,656,352,816#SW08,680,568,1240#SW124,144,232,352#XOR352,496,1136,1280#XOR136,648,232,744#XOC1400,1416,0000010100101110#XOC1136,1176,0100000100011101011010011010111001100010#XOR32,552,824,1344#LRO192,896,32#NOT240,1296#XOR64,688,472,1096#NOT432,1024#XOR464,656,1144,1336#XOC528,568,1100110100001101001100011010010100111110#XOR136,416,344,624#XOR0,392,296,688#NOT320,1384#XOR440,792,1096,1448#SW0304,384,400,480#SW10,608,672,1280#SW0544,720,1136,1312#SW1240,544,528,832#XOR312,680,928,1296#SW148,712,112,776#NOT776,1536#SW2744,792,752,800#SWA144,680,640,1176#XOR368,784,648,1064#NOT544,1176#LRO1072,1416,6#XOR40,560,320,840#XOR64,312,488,736#XOR200,616,232,648#SWA96,632,376,912#XOR200,768,384,952#SWA376,648,400,672#XOR24,720,384,1080#XOR0,768,368,1136#SW2328,632,1040,1344#
=================================================================

58	:
Fitness Score:	2.6718634740711953
Bitchange:	0.12572937962422487
Round Function:
NOT552,1408#SWA192,656,352,816#SW08,680,568,1240#SW124,144,232,352#XOR352,496,1136,1280#XOR136,648,232,744#XOC1400,1416,0000010100101110#XOC1136,1176,0100000100011101011010011010111001100010#XOR32,552,824,1344#LRO192,896,32#NOT240,1296#XOR64,688,472,1096#NOT432,1024#XOR464,656,1144,1336#XOC528,568,1100110100001101001100011010010100111110#XOR136,416,344,624#XOR0,392,296,688#NOT320,1384#XOR440,792,1096,1448#SW0304,384,400,480#SW10,608,672,1280#SW0544,720,1136,1312#SW1240,544,528,832#XOR312,680,928,1296#SW148,712,112,776#NOT776,1536#SW2744,792,752,800#SWA144,680,640,1176#XOR368,784,648,1064#NOT544,1176#LRO1072,1416,6#XOR40,560,320,840#XOR64,312,488,736#XOR200,616,232,648#SWA96,632,376,912#XOR200,768,384,952#SWA376,648,400,672#XOR24,720,384,1080#XOR0,768,368,1136#NOT192,1248#
=================================================================

59	:
Fitness Score:	2.6718634740711953
Bitchange:	0.12572937962422487
Round Function:
NOT552,1408#SWA192,656,352,816#SW08,680,568,1240#SW124,144,232,352#XOR352,496,1136,1280#XOR136,648,232,744#XOC1400,1416,0000010100101110#XOC1136,1176,0100000100011101011010011010111001100010#XOR32,552,824,1344#LRO192,896,32#XOC1088,1112,000100100101110111011001#XOR64,688,472,1096#NOT432,1024#XOR464,656,1144,1336#XOC528,568,1100110100001101001100011010010100111110#XOR136,416,344,624#XOR0,392,296,688#NOT320,1384#XOR440,792,1096,1448#SW0304,384,400,480#SW10,608,672,1280#SW0544,720,1136,1312#SW1240,544,528,832#XOR312,680,928,1296#SW148,712,112,776#NOT776,1536#SW2744,792,752,800#SWA144,680,640,1176#XOR368,784,648,1064#NOT544,1176#LRO1072,1416,6#XOR40,560,320,840#XOR64,312,488,736#XOR200,616,232,648#SWA96,632,376,912#XOR200,768,384,952#SWA376,648,400,672#XOR24,720,384,1080#XOR0,768,368,1136#SW2328,632,1040,1344#
=================================================================

60	:
Fitness Score:	2.6718634740711953
Bitchange:	0.12572937962422487
Round Function:
NOT552,1408#SWA192,656,352,816#SW08,680,568,1240#SW124,144,232,352#XOR352,496,1136,1280#XOR136,648,232,744#XOC1400,1416,0000010100101110#XOC1136,1176,0100000100011101011010011010111001100010#XOR32,552,824,1344#LRO192,896,32#XOC1088,1112,000100100101110111011001#XOR64,688,472,1096#NOT432,1024#XOR464,656,1144,1336#XOC528,568,1100110100001101001100011010010100111110#XOR136,416,344,624#XOR0,392,296,688#NOT320,1384#XOR440,792,1096,1448#SW0304,384,400,480#SW10,608,672,1280#SW0544,720,1136,1312#SW1240,544,528,832#XOR312,680,928,1296#SW148,712,112,776#NOT776,1536#SW2744,792,752,800#SWA144,680,640,1176#XOR368,784,648,1064#NOT544,1176#LRO1072,1416,6#XOR40,560,320,840#XOR64,312,488,736#XOR200,616,232,648#SWA96,632,376,912#XOR200,768,384,952#SWA376,648,400,672#XOR24,720,384,1080#XOR0,768,368,1136#SW2328,632,1040,1344#
=================================================================

61	:
Fitness Score:	2.6718634740711953
Bitchange:	0.12572937962422487
Round Function:
NOT552,1408#SWA192,656,352,816#SW08,680,568,1240#SW124,144,232,352#XOR352,496,1136,1280#XOR136,648,232,744#XOC1400,1416,0000010100101110#XOC1136,1176,0100000100011101011010011010111001100010#XOR32,552,824,1344#LRO192,896,32#XOC1088,1112,000100100101110111011001#XOR64,688,472,1096#NOT432,1024#XOR464,656,1144,1336#LRO416,608,191#XOR136,416,344,624#XOR0,392,296,688#NOT320,1384#XOR440,792,1096,1448#SW0304,384,400,480#SW10,608,672,1280#SW0544,720,1136,1312#SW1240,544,528,832#XOR312,680,928,1296#SW148,712,112,776#NOT776,1536#NOT168,512#SWA144,680,640,1176#XOR368,784,648,1064#NOT544,1176#LRO1072,1416,6#XOR40,560,320,840#XOR64,312,488,736#XOR200,616,232,648#SWA96,632,376,912#XOR200,768,384,952#SWA376,648,400,672#XOR24,720,384,1080#XOR0,768,368,1136#SW2328,632,1040,1344#
=================================================================

62	:
Fitness Score:	2.6718634740711953
Bitchange:	0.12572937962422487
Round Function:
NOT552,1408#SWA192,656,352,816#SW08,680,568,1240#SW124,144,232,352#XOR352,496,1136,1280#XOR136,648,232,744#XOC1400,1416,0000010100101110#XOC1136,1176,0100000100011101011010011010111001100010#XOR32,552,824,1344#LRO192,896,32#XOC1088,1112,000100100101110111011001#NOT808,1272#NOT432,1024#XOR464,656,1144,1336#XOC528,568,1100110100001101001100011010010100111110#XOR136,416,344,624#XOR0,392,296,688#NOT320,1384#XOR440,792,1096,1448#SW0304,384,400,480#SW10,608,672,1280#SW0544,720,1136,1312#SW1240,544,528,832#XOR312,680,928,1296#SW148,712,112,776#NOT776,1536#NOT168,512#SWA144,680,640,1176#XOR368,784,648,1064#NOT544,1176#LRO1072,1416,6#XOR40,560,320,840#XOR64,312,488,736#XOR200,616,232,648#SWA96,632,376,912#XOR200,768,384,952#SWA376,648,400,672#XOR24,720,384,1080#XOR0,768,368,1136#SW2328,632,1040,1344#
=================================================================

63	:
Fitness Score:	2.3278743090645757
Bitchange:	0.07042354215342657
Round Function:
NOT552,1408#SWA192,656,352,816#SW08,680,568,1240#SW124,144,232,352#XOR352,496,1136,1280#XOR136,648,232,744#XOC1400,1416,0000010100101110#XOC1136,1176,0100000100011101011010011010111001100010#XOR32,552,824,1344#LRO192,896,32#XOC1088,1112,000100100101110111011001#XOR64,688,472,1096#NOT432,1024#XOR464,656,1144,1336#XOC528,568,1100110100001101001100011010010100111110#XOR136,416,344,624#XOR0,392,296,688#NOT320,1384#XOR440,792,1096,1448#SW0304,384,400,480#SW10,608,672,1280#SW0544,720,1136,1312#SW1240,544,528,832#XOR312,680,928,1296#SW148,712,112,776#NOT776,1536#SW2744,792,752,800#SWA144,680,640,1176#XOR368,784,648,1064#NOT544,1176#LRO1072,1416,6#XOR40,560,320,840#XOR64,312,488,736#XOR200,616,232,648#SWA96,632,376,912#XOR200,768,384,952#SWA376,648,400,672#XOR24,720,384,1080#XOR0,768,368,1136#SW2328,632,1040,1344#
=================================================================

