Parameters:
popSize: 128
messageCount: 8192
messageLength: 16
funcCount: 30
stateSize: 1600
rate: 300
capacity: 1300
populationDieOffPercent: 0.5
mutationChance: 0.4
preserveTopNIndividuals: 8
generationCount: 200
0	:
Fitness Score:	2.000108693095312
Bitchange:	2.7171797134551463E-5
Round Function:
SW1181,635,337,791#SW2117,333,407,623#LRO251,1360,190#SW1270,710,786,1226#SWA216,426,617,827#XOR402,486,688,772#ADD325,474,1723754867#SWA387,767,812,1192#LRO377,787,28#ADD67,490,655722380#SWA128,164,887,923#LRO882,1373,90#NOT280,1250#SW251,688,820,1457#SW164,258,628,822#XOR697,732,1357,1392#SW196,523,590,1017#SW061,262,212,413#ADD298,664,1242808418#SWA1,466,531,996#XOR120,659,797,1336#LRO161,1090,181#NOT820,1204#ADD297,486,57400505#XOR25,693,771,1439#SW067,454,218,605#SW1631,772,768,909#SW073,778,276,981#XOR518,590,830,902#LRO358,847,85#
=================================================================

1	:
Fitness Score:	2.0002011726418187
Bitchange:	5.028810215946853E-5
Round Function:
SW1220,565,230,575#LRO83,1236,173#NOT232,369#NOT94,470#SW1357,654,575,872#XOR144,168,872,896#LRO745,1388,86#LRO913,1313,188#LRO260,1041,30#SW1613,743,693,823#ADD320,779,1070459275#SWA2,114,657,769#SW1131,726,511,1106#LRO617,1107,47#SWA193,545,590,942#NOT113,883#NOT77,878#SW1160,493,261,594#XOR32,189,456,613#LRO1020,1464,137#SW296,217,167,288#NOT1169,1574#LRO1013,1330,60#SW031,546,431,946#ADD405,709,65445283#SWA252,435,802,985#SWA617,659,1006,1048#SWA363,438,427,502#XOR208,790,859,1441#NOT1113,1176#
=================================================================

2	:
Fitness Score:	2.000306642211004
Bitchange:	7.664880087209328E-5
Round Function:
ADD248,604,1800963231#ADD15,454,233896413#SW118,744,293,1019#ADD694,782,1068694926#ADD236,392,1864993301#ADD559,607,1694485327#NOT715,872#SW23,769,273,1039#SWA280,640,869,1229#SWA190,247,469,526#LRO673,1583,130#SW1431,764,593,926#SW023,252,663,892#SWA151,746,406,1001#NOT838,1193#NOT533,1536#XOR239,438,259,458#NOT516,1301#SW0250,510,963,1223#ADD249,658,938590891#ADD128,370,118639847#NOT433,1497#LRO1008,1056,96#SWA71,567,424,920#SW112,104,789,881#XOR81,564,250,733#NOT227,1371#NOT1082,1216#SW2667,692,1034,1059#SW1297,715,775,1193#
=================================================================

3	:
Fitness Score:	2.000395894380571
Bitchange:	9.895400747508346E-5
Round Function:
NOT616,1068#ADD642,665,6592179#XOR587,768,1090,1271#XOR618,688,792,862#LRO313,1498,132#XOR29,269,119,359#SWA211,796,356,941#XOR621,688,661,728#SW2221,438,821,1038#SW2318,518,530,730#LRO593,1025,172#XOR453,465,1139,1151#LRO1015,1182,44#SW1113,681,338,906#SW2166,298,939,1071#LRO47,200,161#SW24,243,523,762#ADD361,423,129810500#SW0353,441,860,948#SWA161,628,440,907#LRO167,741,96#SWA335,395,476,536#SW1567,713,1320,1466#NOT1312,1446#LRO1212,1509,123#NOT133,650#SWA142,292,599,749#NOT10,288#SW0552,721,906,1075#SW2284,328,666,710#
=================================================================

4	:
Fitness Score:	2.000602016186284
Bitchange:	1.5045875726744164E-4
Round Function:
SW1452,678,813,1039#SW1127,755,439,1067#SW1135,685,683,1233#SW2273,590,370,687#SW2177,301,478,602#SW272,797,463,1188#NOT207,915#SWA14,595,803,1384#SW1729,784,741,796#SW271,425,426,780#ADD296,374,1041171418#SW1432,492,862,922#SWA430,439,454,463#ADD142,754,84722168#SW20,680,771,1451#SW1307,751,949,1393#ADD0,21,325689#SW0214,269,283,338#LRO582,1100,145#SWA211,493,756,1038#SW0220,578,432,790#SW136,217,512,693#XOR93,286,546,739#XOR185,675,655,1145#ADD327,422,383920540#NOT906,921#SWA24,51,687,714#XOR231,337,888,994#XOR710,762,1384,1436#SW0215,753,892,1430#
=================================================================

5	:
Fitness Score:	2.0007075280333644
Bitchange:	1.7681945598006552E-4
Round Function:
XOR304,782,1046,1524#XOR167,514,608,955#SW0489,507,1228,1246#SW1451,519,716,784#SWA186,577,239,630#SW0355,465,553,663#XOR447,541,534,628#LRO456,1126,158#SWA726,739,1289,1302#LRO428,1378,169#SW0382,649,392,659#ADD155,259,8087664#XOR368,602,542,776#SW1144,335,352,543#SW1133,380,784,1031#LRO406,760,94#LRO274,580,161#LRO1184,1482,175#SWA446,476,874,904#SWA316,769,496,949#SW1230,487,1027,1284#SW2226,318,919,1011#LRO1182,1581,0#SW1242,576,356,690#NOT743,1541#SW1225,621,271,667#SW135,351,804,1120#SW23,638,704,1339#SW2215,503,331,619#SW1508,754,977,1223#
=================================================================

6	:
Fitness Score:	2.000877993759915
Bitchange:	2.1940212313122716E-4
Round Function:
LRO72,762,80#NOT412,623#SW2375,482,528,635#NOT296,858#SW2110,258,165,313#SW2151,451,689,989#LRO348,679,93#LRO418,769,180#SWA424,542,1085,1203#SWA90,127,633,670#NOT530,683#XOR638,747,683,792#ADD334,347,5326#SWA9,785,654,1430#SWA190,280,264,354#LRO606,667,118#LRO399,777,67#SWA317,783,454,920#XOR273,343,1067,1137#LRO284,682,59#SW2176,585,256,665#ADD116,495,574514244#ADD234,506,1972029622#SW2364,476,907,1019#LRO20,252,156#NOT81,497#XOR101,432,124,455#NOT182,577#LRO1356,1492,1#ADD11,264,1413468962#
=================================================================

7	:
Fitness Score:	2.000968920692137
Bitchange:	2.4211287894518004E-4
Round Function:
XOR114,425,618,929#SW2525,707,845,1027#SW0275,584,339,648#SW0120,503,393,776#SW1311,613,691,993#XOR61,251,709,899#LRO1084,1153,147#LRO849,1160,127#SW0250,727,883,1360#SW172,660,492,1080#SW280,449,460,829#SW233,52,141,160#SW2482,585,1277,1380#ADD105,391,2028602344#SW122,588,489,1055#LRO951,1286,143#SW2261,409,968,1116#SW0221,235,229,243#XOR492,696,1067,1271#ADD54,483,443570243#SWA379,415,850,886#SWA169,657,649,1137#LRO1038,1557,50#LRO413,1453,46#SW210,740,79,809#SWA96,720,699,1323#SW1241,612,956,1327#SW2139,476,158,495#SWA21,464,687,1130#NOT331,381#
=================================================================

8	:
Fitness Score:	2.001032249687566
Bitchange:	2.5792929817275526E-4
Round Function:
LRO580,1129,133#LRO1280,1407,32#SW0579,793,705,919#LRO80,589,105#SW11,598,401,998#NOT523,1257#SWA100,333,504,737#SW236,385,395,744#SW1623,646,679,702#SW0575,785,1164,1374#SW1469,536,536,603#SWA175,428,277,530#SW2258,777,1028,1547#SWA666,711,684,729#SWA697,782,1049,1134#ADD257,546,24318903#SW1387,615,620,848#SW0122,753,267,898#SW2537,574,701,738#SWA438,450,1217,1229#NOT772,980#SW2449,561,980,1092#NOT120,429#XOR347,528,1112,1293#ADD254,485,1814498300#SW1502,756,1079,1333#LRO582,1390,169#NOT732,1322#SW0323,341,1056,1074#NOT326,1236#
=================================================================

9	:
Fitness Score:	2.0011637919490592
Bitchange:	2.9077878426079644E-4
Round Function:
SW2581,648,1211,1278#SW0161,278,164,281#XOR178,618,215,655#SW2629,644,764,779#SWA153,794,940,1581#XOR211,408,749,946#ADD371,615,2129165576#SWA392,426,938,972#ADD553,714,509201215#SWA343,656,485,798#LRO912,1484,195#NOT423,452#SWA75,434,86,445#ADD44,778,1329081724#SW0281,565,804,1088#XOR406,643,654,891#SW2575,780,692,897#ADD125,344,1887203585#SW012,139,630,757#LRO1258,1503,49#NOT1106,1337#LRO890,1342,30#SWA59,70,405,416#SWA486,662,800,976#XOR648,662,710,724#NOT360,1229#XOR101,349,441,689#SW0400,516,438,554#SW2501,563,1219,1281#SWA281,739,1076,1534#
=================================================================

10	:
Fitness Score:	2.001171912408475
Bitchange:	2.928065303156138E-4
Round Function:
SW0235,482,479,726#SW0269,270,663,664#NOT570,1555#SW2244,290,495,541#SW1349,485,647,783#LRO2,81,114#SWA151,645,945,1439#ADD108,705,1050638524#SW0568,590,1079,1101#ADD234,261,4923203#LRO191,432,33#SW0350,354,1022,1026#NOT523,978#ADD159,370,2036461289#SW0145,211,643,709#XOR449,461,879,891#SWA195,469,844,1118#SW083,712,492,1121#NOT212,1069#SW0165,453,170,458#SWA682,729,1327,1374#XOR391,729,1069,1407#SW2139,446,812,1119#SW1291,461,430,600#NOT1192,1239#SWA542,605,734,797#ADD576,696,1027657944#SW1528,541,926,939#XOR174,501,222,549#SW110,626,565,1181#
=================================================================

11	:
Fitness Score:	2.0012011466080595
Bitchange:	3.001064161129563E-4
Round Function:
SW164,126,655,717#SWA334,471,679,816#SW0133,477,412,756#NOT165,1173#SW1382,386,657,661#SW2180,211,651,682#SWA9,105,421,517#NOT494,988#SW2266,431,493,658#ADD246,254,156#SW133,526,672,1165#LRO783,942,154#ADD288,551,376915238#LRO18,88,171#NOT544,1423#SWA294,588,415,709#XOR143,731,322,910#SW147,725,603,1281#LRO183,1442,104#XOR64,374,622,932#LRO1495,1585,140#SW0355,743,1075,1463#XOR212,266,360,414#SW215,678,100,763#SW298,741,140,783#SW1288,603,530,845#NOT982,1595#SWA31,578,185,732#XOR311,545,358,592#SWA474,484,1154,1164#
=================================================================

12	:
Fitness Score:	2.001376569744036
Bitchange:	3.439057308970112E-4
Round Function:
SW0271,621,581,931#SW1247,318,598,669#SW014,539,204,729#XOR542,544,1121,1123#NOT242,1582#LRO284,397,1#SWA345,583,536,774#XOR407,532,626,751#SWA180,572,970,1362#SWA247,394,668,815#SWA380,429,1052,1101#SW0216,442,934,1160#SW1224,702,609,1087#SW0163,311,700,848#SWA672,704,972,1004#ADD0,524,1991455756#NOT41,1062#XOR178,638,200,660#XOR326,532,825,1031#XOR736,739,961,964#ADD98,210,1831606082#SW1210,492,478,760#SW0126,767,441,1082#SW0115,681,367,933#NOT826,1442#LRO741,1065,90#SWA263,365,814,916#SW0326,403,646,723#SWA54,132,788,866#XOR249,352,1034,1137#
=================================================================

13	:
Fitness Score:	2.0014659174199854
Bitchange:	3.662109375000021E-4
Round Function:
LRO155,463,9#NOT88,887#SW290,770,512,1192#SWA548,612,964,1028#XOR225,339,927,1041#SW215,192,624,801#LRO228,1074,170#SW0437,635,790,988#ADD221,587,2094831263#NOT348,617#SWA69,766,668,1365#XOR310,649,577,916#ADD145,633,1982709842#NOT441,1125#XOR133,178,901,946#SW0418,499,1003,1084#LRO117,314,51#LRO1240,1544,15#ADD361,435,801585000#SW231,130,645,744#SW279,174,202,297#XOR236,242,942,948#SW0547,571,648,672#XOR148,671,703,1226#ADD357,522,730378265#SW2161,341,882,1062#XOR580,629,845,894#ADD264,430,1560444916#LRO581,1074,31#XOR339,544,723,928#
=================================================================

14	:
Fitness Score:	2.001576394666883
Bitchange:	3.9378828384551817E-4
Round Function:
XOR155,698,654,1197#ADD242,619,1594921252#SW0155,268,700,813#ADD203,726,1950101070#ADD140,332,112363711#SW056,766,196,906#LRO466,1474,131#SW159,156,224,321#LRO835,1284,49#ADD315,439,1588021635#XOR224,484,934,1194#NOT294,656#ADD467,470,0#SW2684,700,939,955#SW2395,553,1162,1320#SWA223,475,633,885#XOR87,110,827,850#XOR212,474,539,801#SW0571,764,880,1073#SW1392,532,963,1103#ADD511,600,1558734986#SW116,636,337,957#SW0466,569,1089,1192#SW282,350,626,894#SWA14,557,68,611#SW0268,491,804,1027#ADD38,357,845749406#SWA760,781,1016,1037#XOR324,693,615,984#ADD321,753,1045826249#
=================================================================

15	:
Fitness Score:	2.0015812689439754
Bitchange:	3.950049314784086E-4
Round Function:
XOR146,397,575,826#SW1534,792,580,838#LRO242,1257,59#SWA186,718,809,1341#LRO204,701,24#SW0452,662,469,679#SW121,486,807,1272#XOR111,734,842,1465#ADD416,641,507387297#SW024,651,431,1058#ADD25,611,1919839405#SW214,172,790,948#LRO605,940,40#XOR541,786,1137,1382#SW116,592,775,1351#SWA207,341,577,711#LRO1053,1125,21#LRO570,1109,27#SW2207,316,402,511#XOR246,655,833,1242#SW2208,318,454,564#LRO225,1504,192#NOT482,489#SWA330,604,684,958#NOT141,839#SW1302,696,497,891#LRO527,725,67#ADD424,705,1279404290#LRO1242,1567,187#NOT170,422#
=================================================================

16	:
Fitness Score:	2.001597516705739
Bitchange:	3.990604235880433E-4
Round Function:
SW282,155,367,440#SW1281,499,949,1167#SW0126,188,717,779#XOR582,605,639,662#ADD454,699,1995221714#SWA62,683,339,960#XOR389,408,455,474#SW0419,712,587,880#SW2460,742,659,941#LRO1363,1449,110#SW021,761,391,1131#ADD313,507,1646955861#SWA368,384,813,829#NOT1093,1135#SW2418,586,456,624#SWA437,604,1080,1247#NOT249,1317#SW0222,314,708,800#ADD51,276,112244371#NOT1069,1132#NOT1246,1506#SW028,113,237,322#SW06,456,20,470#SW2113,478,315,680#SW1169,759,964,1554#SW2222,643,1007,1428#SW0207,253,871,917#LRO102,181,187#SW2580,708,1231,1359#SWA258,577,831,1150#
=================================================================

17	:
Fitness Score:	2.0018900215306576
Bitchange:	4.7205928156146814E-4
Round Function:
SW1125,467,247,589#SW2126,495,223,592#SW296,720,533,1157#XOR290,411,945,1066#SW2542,775,1029,1262#LRO100,1330,195#SWA386,692,988,1294#LRO267,1261,32#SW2283,460,861,1038#XOR191,532,230,571#SW2582,673,1100,1191#XOR171,262,823,914#SW2308,493,509,694#SW1223,224,295,296#NOT519,1163#SW2542,563,1299,1320#SW1177,348,306,477#SW219,452,678,1111#SWA572,759,897,1084#ADD447,680,872016261#SW1134,709,311,886#SW077,355,89,367#SWA283,307,333,357#ADD68,238,1946780218#SW235,663,394,1022#SW0278,303,565,590#ADD135,542,322580390#SW2216,259,980,1023#NOT147,359#NOT763,1481#
=================================================================

18	:
Fitness Score:	2.0018900215306576
Bitchange:	4.7205928156146814E-4
Round Function:
NOT432,1550#SW0379,562,735,918#SW1638,645,666,673#SW2430,607,1027,1204#NOT498,1081#ADD104,253,360648415#SW0389,699,621,931#ADD230,549,419028331#LRO859,1193,68#SW037,774,680,1417#SW1541,646,741,846#ADD54,381,1183958208#LRO617,818,195#SW2244,489,865,1110#LRO504,624,160#ADD48,148,1777808856#SW2219,616,631,1028#LRO774,1084,136#ADD496,780,1162646578#XOR626,686,926,986#SW0394,761,715,1082#SW219,173,605,759#LRO238,1160,92#LRO704,1405,98#SWA492,643,801,952#SW0535,767,794,1026#SW2297,353,678,734#SW0326,525,982,1181#SW0582,778,1153,1349#SW2258,628,927,1297#
=================================================================

19	:
Fitness Score:	2.0019550342130987
Bitchange:	4.882812500000069E-4
Round Function:
SWA400,616,463,679#SW0263,605,387,729#LRO353,444,72#LRO406,812,21#SW150,633,111,694#XOR517,653,924,1060#SWA346,696,631,981#LRO270,855,44#SW1328,466,1116,1254#SW1322,799,997,1474#SW1208,281,739,812#XOR290,614,347,671#LRO626,1477,160#SW211,162,466,617#SWA307,456,956,1105#NOT361,1364#NOT916,1493#SW0397,748,760,1111#SW1507,784,960,1237#SW2572,750,864,1042#NOT1226,1524#SW2209,532,839,1162#SW1170,588,346,764#NOT380,587#SWA171,278,831,938#SW1352,407,1084,1139#SW1287,756,301,770#ADD458,531,1714613846#LRO1385,1425,156#NOT236,535#
=================================================================

20	:
Fitness Score:	2.002133840864839
Bitchange:	5.32891663205979E-4
Round Function:
SW085,253,647,815#SW05,718,183,896#SWA410,431,758,779#SW0372,408,1111,1147#SWA606,710,720,824#SW0103,785,275,957#SW1563,741,981,1159#NOT483,1441#XOR65,559,263,757#SW0109,785,636,1312#SWA61,112,117,168#NOT715,958#LRO825,1011,10#SWA297,485,473,661#ADD172,507,234274856#XOR35,56,386,407#NOT243,993#SWA231,716,655,1140#SW211,194,484,667#NOT23,334#SWA707,719,1463,1475#SWA269,788,335,854#XOR73,683,426,1036#ADD664,759,1857692471#XOR379,544,970,1135#SWA42,438,143,539#SW0183,494,683,994#SWA93,330,756,993#SW177,745,706,1374#LRO548,1323,51#
=================================================================

21	:
Fitness Score:	2.002226507785063
Bitchange:	5.560079682309067E-4
Round Function:
SW1233,281,360,408#NOT657,714#ADD135,668,2075901981#NOT162,192#LRO483,914,62#LRO30,211,66#SW1223,576,392,745#XOR13,604,685,1276#SW1217,568,405,756#NOT49,1287#SW2354,688,403,737#XOR251,610,565,924#XOR195,233,559,597#XOR329,453,544,668#SWA34,135,777,878#LRO751,961,90#LRO320,1004,143#NOT1069,1538#SW2263,306,711,754#ADD182,418,743878090#SW2198,729,738,1269#NOT145,276#SW295,296,305,506#LRO262,865,20#ADD351,794,1502396244#SWA22,645,140,763#SW2186,631,217,662#SW139,715,705,1381#LRO16,229,72#SW1164,577,788,1201#
=================================================================

22	:
Fitness Score:	2.0022639021292696
Bitchange:	5.653356000830665E-4
Round Function:
LRO1069,1538,109#ADD657,737,1979940959#XOR366,507,381,522#SWA175,564,246,635#SW2114,204,334,424#NOT401,1116#SW17,781,358,1132#SW0212,490,392,670#ADD86,178,751231519#SW0370,623,641,894#SW095,191,550,646#ADD19,422,1858655603#SW1240,618,779,1157#XOR409,518,689,798#XOR350,456,680,786#SW2449,753,979,1283#SWA167,233,402,468#SW2204,727,923,1446#SW0488,660,1073,1245#SWA239,534,640,935#ADD404,444,1119360723#ADD64,781,1057741381#SW1181,571,536,926#LRO351,405,114#ADD408,517,334231032#SW2557,655,776,874#XOR532,657,583,708#SW245,523,664,1142#ADD119,541,254366648#SWA478,609,710,841#
=================================================================

23	:
Fitness Score:	2.0023468250056236
Bitchange:	5.860186098422035E-4
Round Function:
SW0649,691,1138,1180#NOT207,380#NOT327,1263#SW1111,608,734,1231#ADD313,746,68445859#SWA176,789,422,1035#SW17,321,722,1036#SW0352,399,1123,1170#XOR452,799,1105,1452#LRO548,1197,169#SW219,496,155,632#ADD204,556,535542408#LRO941,1263,122#NOT564,731#XOR92,307,152,367#SWA311,541,467,697#SW2177,583,917,1323#XOR229,669,974,1414#LRO174,820,198#NOT301,1580#NOT86,179#SW0210,317,998,1105#NOT124,946#SW2189,434,478,723#XOR784,799,1415,1430#ADD720,724,7#SW1305,422,501,618#SW114,618,437,1041#SW0107,327,685,905#NOT253,636#
=================================================================

24	:
Fitness Score:	2.002372841441083
Bitchange:	5.925073972176191E-4
Round Function:
SW1187,371,249,433#ADD303,546,1702386664#SW2221,308,497,584#SW0594,752,1204,1362#SW1505,587,714,796#SW179,630,408,959#SWA136,670,669,1203#SW13,547,671,1215#SW1145,768,202,825#ADD511,796,238059656#SW2291,311,425,445#ADD259,260,0#ADD595,698,1166160032#LRO1267,1590,106#XOR101,256,667,822#SW1143,390,616,863#SWA123,409,720,1006#LRO912,1394,80#SW2335,650,1052,1367#SW282,686,836,1440#LRO1555,1569,172#ADD233,541,1077157324#SW2429,491,1227,1289#ADD519,682,544766352#SW0464,693,620,849#LRO307,1387,108#NOT371,437#SW1272,708,683,1119#LRO547,1565,19#NOT107,1576#
=================================================================

25	:
Fitness Score:	2.002509438819638
Bitchange:	6.265735309385507E-4
Round Function:
NOT28,809#SW145,655,242,852#XOR572,620,1179,1227#SWA245,337,852,944#ADD241,563,1444036161#XOR27,467,190,630#SW0109,311,762,964#ADD592,796,821338725#NOT1093,1171#XOR201,455,616,870#SW0144,500,634,990#NOT750,1464#SW2341,373,918,950#SW183,327,682,926#SW0312,566,1085,1339#SW222,519,296,793#XOR466,594,770,898#SW099,222,815,938#ADD91,246,928445955#NOT117,1175#LRO756,1138,109#NOT378,1258#XOR342,540,995,1193#SW1130,454,728,1052#SW1258,709,602,1053#LRO799,912,76#LRO360,787,41#XOR258,621,307,670#SW0444,504,1127,1187#XOR272,440,767,935#
=================================================================

26	:
Fitness Score:	2.002540338430253
Bitchange:	6.342789659468566E-4
Round Function:
SW1559,568,568,577#SW0111,583,865,1337#NOT172,293#SW0285,702,861,1278#XOR435,562,546,673#SW0117,556,676,1115#LRO136,600,91#NOT528,659#SW2288,446,715,873#SW028,163,121,256#ADD545,787,609156897#SW0664,712,1402,1450#SW0112,736,358,982#LRO26,535,28#SW0338,797,389,848#SW020,548,160,688#SW2182,642,283,743#SWA46,461,493,908#LRO1228,1458,55#ADD458,646,68932662#SWA58,775,318,1035#SW217,160,79,222#LRO949,1547,138#SW1549,797,959,1207#SWA18,445,743,1170#SW1249,726,654,1131#SW1765,780,1043,1058#LRO603,763,168#SWA659,679,1200,1220#ADD585,658,875943257#
=================================================================

27	:
Fitness Score:	2.0025452174033096
Bitchange:	6.35495613579747E-4
Round Function:
SW1701,792,1143,1234#SW1452,741,692,981#SW1459,644,1014,1199#NOT217,470#ADD167,554,576993018#SW237,532,486,981#NOT168,217#SW1413,465,804,856#NOT268,793#XOR336,337,906,907#LRO22,129,1#SWA238,645,918,1325#SW2519,549,657,687#SW1264,544,403,683#XOR173,380,441,648#SW0310,794,635,1119#SW08,742,80,814#SWA217,741,911,1435#ADD13,173,625697774#SWA106,445,721,1060#SWA29,707,788,1466#SWA472,724,1138,1390#ADD338,763,184437037#SW1392,736,1138,1482#SWA314,335,482,503#SW12,166,415,579#ADD380,621,1909309873#NOT1230,1463#ADD88,679,585553098#NOT161,1528#
=================================================================

28	:
Fitness Score:	2.0026200313006837
Bitchange:	6.541508772840667E-4
Round Function:
SW0362,488,378,504#SWA54,670,315,931#SWA14,244,686,916#SW294,665,449,1020#SW0179,682,426,929#XOR453,550,910,1007#SW2306,771,952,1417#XOR75,751,628,1304#SW239,695,538,1194#ADD53,120,949737052#ADD185,299,1578715889#SW0119,526,461,868#SW0565,689,1283,1407#SW0563,654,586,677#SWA119,360,524,765#XOR368,465,616,713#SW1665,775,1084,1194#LRO750,929,85#LRO937,1304,67#SW2139,174,669,704#SW1662,792,894,1024#SWA178,375,186,383#SW099,153,697,751#LRO99,1226,162#XOR435,517,474,556#XOR307,396,912,1001#XOR647,667,1121,1141#XOR225,585,944,1304#NOT468,1333#ADD408,697,1735716196#
=================================================================

29	:
Fitness Score:	2.0027761826594985
Bitchange:	6.9308360153656E-4
Round Function:
SWA316,499,1015,1198#SW0322,401,762,841#SWA752,757,821,826#SW0360,626,572,838#NOT516,1509#LRO49,429,142#LRO565,1288,73#SWA117,375,387,645#NOT1455,1542#XOR99,339,338,578#NOT831,1200#SW1294,538,364,608#SW1249,698,735,1184#XOR47,272,708,933#SW0118,164,778,824#SWA313,623,945,1255#SW1338,384,779,825#SW0302,484,1020,1202#LRO519,878,54#SW1204,320,958,1074#XOR317,449,768,900#ADD233,250,1362#XOR67,97,347,377#SW0100,542,477,919#SWA300,459,864,1023#LRO1017,1053,93#LRO1072,1598,55#SW027,296,167,436#SW0339,382,390,433#NOT618,731#
=================================================================

30	:
Fitness Score:	2.0028119707756478
Bitchange:	7.020056841777563E-4
Round Function:
XOR670,680,1345,1355#SWA623,772,829,978#SWA64,703,516,1155#ADD306,485,1974698497#ADD120,512,1249702858#ADD345,414,1124719801#SW234,598,341,905#SW0236,708,848,1320#XOR460,733,1186,1459#ADD476,586,439956162#XOR231,445,693,907#NOT1216,1293#NOT563,1391#SWA341,561,934,1154#XOR38,124,408,494#SWA509,646,1001,1138#ADD627,754,10542180#SWA10,199,713,902#ADD342,617,583253556#XOR298,795,501,998#SWA80,365,597,882#SWA140,492,296,648#SWA2,548,779,1325#SW07,564,147,704#NOT608,1409#SWA568,779,1044,1255#SW2233,798,1012,1577#SWA657,756,995,1094#ADD49,538,1213355754#SW2179,204,304,329#
=================================================================

31	:
Fitness Score:	2.002963271035325
Bitchange:	7.397217607973592E-4
Round Function:
SW2625,692,1170,1237#NOT707,1440#XOR207,377,653,823#NOT649,986#ADD315,581,968293861#SW2145,557,719,1131#NOT53,833#LRO365,810,96#XOR537,548,591,602#ADD155,536,796982302#SWA148,175,482,509#SWA102,706,685,1289#SW1493,675,733,915#SW0567,697,947,1077#SW1243,367,791,915#SW017,468,170,621#ADD176,212,1206181214#SW1307,730,740,1163#SW1299,420,377,498#SWA585,742,1245,1402#SW0191,765,289,863#SW1639,752,926,1039#SW0702,799,974,1071#ADD257,673,1854133965#SW2112,411,296,595#ADD179,655,812851114#XOR298,515,447,664#ADD273,653,272315282#SW1389,469,557,637#SW0659,796,998,1135#
=================================================================

32	:
Fitness Score:	2.0029811682767953
Bitchange:	7.441828021179574E-4
Round Function:
SW2716,739,1061,1084#XOR57,423,179,545#SWA265,701,433,869#LRO4,131,118#NOT90,451#SWA136,144,614,622#NOT831,925#ADD282,441,1066980929#LRO654,684,136#SWA261,460,517,716#SW2201,312,615,726#SW027,358,535,866#SWA550,554,964,968#SWA620,655,830,865#SW0343,488,908,1053#LRO1067,1154,135#SWA429,732,616,919#XOR75,785,193,903#XOR440,767,589,916#LRO252,1321,53#SW2286,610,1058,1382#SW2366,572,1038,1244#ADD120,737,229952359#XOR151,153,543,545#XOR574,726,925,1077#SWA300,376,392,468#NOT734,1318#SWA629,686,1032,1089#SWA338,407,733,802#SW2144,145,414,415#
=================================================================

33	:
Fitness Score:	2.0029811682767953
Bitchange:	7.441828021179574E-4
Round Function:
SWA160,488,310,638#LRO19,474,45#LRO771,775,68#SWA509,526,738,755#XOR642,648,1403,1409#SW2347,758,964,1375#NOT287,853#NOT158,1190#XOR437,741,769,1073#SW0401,524,699,822#SW0135,189,642,696#SW229,744,547,1262#SW1602,710,652,760#SW2261,724,301,764#LRO155,535,48#XOR331,575,349,593#SW0103,688,298,883#ADD516,591,2038478721#SW136,546,563,1073#NOT944,1142#XOR184,234,482,532#SWA280,317,699,736#XOR255,373,702,820#NOT770,1098#LRO829,1145,56#SW2402,415,823,836#SWA8,253,247,492#ADD685,741,2136300910#LRO131,995,13#XOR186,767,596,1177#
=================================================================

34	:
Fitness Score:	2.0029811682767953
Bitchange:	7.441828021179574E-4
Round Function:
SWA324,475,1029,1180#ADD121,723,1890745009#SW1714,718,975,979#LRO843,1552,96#SW2213,634,289,710#NOT282,1200#XOR45,147,635,737#SW0415,740,527,852#XOR402,447,782,827#SW0296,502,631,837#LRO848,1017,40#NOT284,964#LRO697,1338,177#NOT418,959#NOT932,1453#SWA54,196,240,382#XOR361,699,970,1308#SWA367,682,622,937#SWA583,617,968,1002#SW2368,383,628,643#SW229,519,195,685#ADD160,771,623050664#SW089,121,584,616#NOT1241,1357#LRO595,1383,5#SW0274,456,630,812#XOR510,592,676,758#XOR137,368,711,942#SW0199,275,524,600#NOT351,544#
=================================================================

35	:
Fitness Score:	2.0030869312329203
Bitchange:	7.70543500830583E-4
Round Function:
SWA68,696,452,1080#ADD505,719,783887431#NOT555,777#SWA227,610,621,1004#LRO1018,1318,60#XOR19,75,656,712#XOR650,662,969,981#LRO819,1259,14#SW2165,174,598,607#ADD319,735,532098756#LRO765,1522,86#LRO244,392,27#NOT1313,1462#SW1104,437,305,638#ADD12,20,235#ADD1,259,856986134#SW0182,320,681,819#ADD469,701,1792147039#LRO830,1006,194#SWA429,494,649,714#SW1146,209,518,581#XOR51,279,553,781#XOR455,657,511,713#NOT281,1381#SW2260,585,999,1324#NOT122,1298#NOT837,1182#SW030,668,384,1022#SW0220,416,385,581#XOR93,99,473,479#
=================================================================

36	:
Fitness Score:	2.003178059044308
Bitchange:	7.932542566445374E-4
Round Function:
SW146,309,229,492#XOR24,589,582,1147#SWA143,284,722,863#SW2681,726,869,914#SW113,517,293,797#SWA152,499,713,1060#SW0414,586,555,727#SW0400,449,811,860#XOR164,682,689,1207#SWA298,463,593,758#ADD28,361,1074246999#SW0514,722,695,903#SW2388,418,509,539#LRO524,812,27#ADD401,652,217004488#SW2291,517,1034,1260#XOR47,417,817,1187#SW136,501,469,934#SW2228,586,902,1260#SW090,102,703,715#LRO276,959,140#SW2187,260,261,334#SW2458,740,543,825#NOT929,1480#NOT792,1550#SWA58,247,599,788#ADD654,670,39062#NOT710,1135#XOR332,676,619,963#NOT1284,1335#
=================================================================

37	:
Fitness Score:	2.0032561751965243
Bitchange:	8.127206187707821E-4
Round Function:
LRO613,1363,97#SWA4,524,456,976#LRO690,1493,38#LRO662,1275,92#SWA78,655,577,1154#NOT515,911#NOT974,1534#NOT224,873#ADD30,716,474809845#SWA318,413,1083,1178#SW0495,508,1270,1283#LRO973,1449,23#NOT38,683#SW071,383,637,949#SW1353,376,1019,1042#SW11,420,433,852#SWA286,752,293,759#SW0119,346,653,880#XOR145,336,770,961#SWA445,521,1014,1090#SW2423,641,457,675#SW1403,615,764,976#SW0340,761,343,764#LRO174,1261,31#ADD17,363,523606742#SW1338,691,538,891#LRO1390,1565,186#SW0159,455,826,1122#NOT718,1275#ADD186,245,1381287011#
=================================================================

38	:
Fitness Score:	2.003560560816768
Bitchange:	8.885583212209532E-4
Round Function:
SW1246,272,558,584#SW0682,695,775,788#SW0234,786,240,792#SW1143,778,651,1286#SW0359,533,429,603#SW286,304,505,723#LRO1134,1465,141#LRO1215,1312,54#ADD131,647,807180873#SWA47,690,446,1089#NOT356,1345#SWA445,593,662,810#SW0512,783,1289,1560#SW1140,545,624,1029#ADD6,527,583883565#SW2111,594,901,1384#SWA74,740,747,1413#XOR279,757,493,971#SWA332,727,538,933#SW2260,318,596,654#SW1128,417,376,665#SW2506,613,1143,1250#SW2621,698,1387,1464#SW1306,642,374,710#ADD129,455,1592647704#SW019,687,803,1471#XOR282,712,612,1042#SWA213,401,918,1106#LRO670,1226,41#ADD685,780,1990968413#
=================================================================

39	:
Fitness Score:	2.0035866088020615
Bitchange:	8.950471085963687E-4
Round Function:
SW135,753,702,1420#LRO125,1552,163#SW1593,652,1047,1106#SW077,697,200,820#LRO66,408,58#NOT368,660#SWA257,730,532,1005#LRO92,1079,9#SW1478,793,909,1224#NOT249,761#LRO300,817,183#ADD216,601,1174420086#SW2361,494,663,796#SWA245,624,862,1241#SW02,365,420,783#SWA201,394,638,831#SW2130,575,227,672#LRO368,1581,11#LRO7,587,52#SW0436,583,907,1054#ADD205,536,1983398428#LRO278,1455,113#SWA59,531,263,735#LRO220,662,164#SWA104,274,159,329#SW1460,512,1176,1228#SWA242,457,598,813#ADD167,398,225722155#XOR204,648,598,1042#SW0177,261,591,675#
=================================================================

40	:
Fitness Score:	2.0035866088020615
Bitchange:	8.950471085963687E-4
Round Function:
NOT715,1343#ADD189,679,970931056#SW140,715,410,1085#SW0553,620,642,709#SW227,641,500,1114#SWA153,757,849,1453#SWA207,304,381,478#SWA215,236,604,625#NOT253,598#ADD377,436,264600496#NOT868,1466#SW067,705,238,876#SW2118,386,307,575#ADD143,788,990972284#XOR255,385,768,898#SW2173,214,444,485#ADD534,692,496390017#SW2361,442,1141,1222#SW1213,642,588,1017#SW1141,345,187,391#ADD210,659,689357832#SW050,537,361,848#NOT753,1161#ADD408,552,2147107289#ADD186,422,706217805#ADD144,653,942573995#ADD193,773,1419189620#ADD627,766,1313895046#LRO179,1479,126#NOT279,1335#
=================================================================

41	:
Fitness Score:	2.0035866088020615
Bitchange:	8.950471085963687E-4
Round Function:
SW2249,286,768,805#SWA499,794,800,1095#SWA113,780,542,1209#ADD133,625,2131664132#SWA219,255,547,583#NOT383,1289#LRO115,887,122#XOR724,783,1250,1309#XOR499,743,728,972#SW0712,754,1431,1473#SW2448,577,456,585#SW170,332,522,784#NOT687,874#SW0161,310,649,798#LRO114,377,28#ADD62,752,444340604#SW186,373,203,490#SW1125,708,893,1476#SW1172,463,227,518#SW1353,748,1023,1418#SWA116,767,836,1487#XOR686,783,1289,1386#SW0448,768,903,1223#SW0142,731,327,916#NOT374,1193#SW152,65,309,322#SW1305,772,317,784#SW2387,455,1142,1210#SWA157,348,476,667#SW235,212,675,852#
=================================================================

42	:
Fitness Score:	2.0039155228783403
Bitchange:	9.769680492109898E-4
Round Function:
SW2188,647,943,1402#NOT489,884#SW1463,549,1146,1232#NOT123,1112#SW0403,715,521,833#SWA93,749,670,1326#SW0111,116,800,805#SWA428,747,1161,1480#SW2174,796,305,927#NOT108,1344#LRO644,947,146#NOT556,661#SW275,749,374,1048#SW2119,406,337,624#ADD708,730,1233357#SW1148,743,356,951#SW035,50,451,466#SW1158,587,738,1167#SW0133,735,407,1009#NOT177,823#ADD426,436,736#SW1125,744,583,1202#NOT645,1189#SWA117,500,434,817#SW1270,460,563,753#SWA28,491,439,902#SWA35,131,234,330#SW223,582,496,1055#NOT708,1220#SW1276,788,458,970#
=================================================================

43	:
Fitness Score:	2.0039888105249983
Bitchange:	9.952177637043411E-4
Round Function:
XOR21,799,468,1246#LRO22,266,130#SW0499,798,541,840#LRO123,670,15#SWA259,782,470,993#SW069,703,206,840#XOR208,244,568,604#LRO328,926,193#SW139,93,213,267#LRO255,425,154#SWA642,798,1419,1575#SWA265,717,320,772#SWA584,771,992,1179#XOR41,504,54,517#SW0197,321,862,986#NOT462,510#SW178,142,534,598#NOT395,1598#ADD490,778,59267134#ADD293,798,825929620#SWA579,703,815,939#LRO1037,1156,68#LRO381,1177,22#SW2414,686,1012,1284#LRO488,1510,150#LRO280,321,190#SW0585,733,639,787#SW0294,456,1057,1219#SW2565,636,639,710#ADD177,592,810463199#
=================================================================

44	:
Fitness Score:	2.004080020416357
Bitchange:	0.0010179285195182895
Round Function:
SWA260,550,454,744#NOT713,1416#XOR5,499,626,1120#SWA59,498,277,716#XOR219,737,707,1225#SWA19,27,239,247#SW1242,277,621,656#ADD33,209,45249018#ADD124,284,215958497#SW0371,608,401,638#SWA253,508,720,975#SW1661,767,811,917#SW1123,484,838,1199#XOR219,617,660,1058#SW0100,179,310,389#SW1131,308,877,1054#LRO1217,1419,88#SWA77,460,614,997#XOR91,103,195,207#SWA318,501,806,989#SW217,347,771,1101#SWA541,685,644,788#NOT660,1289#SWA365,552,537,724#SW1235,682,519,966#ADD618,691,1886179211#SWA98,239,170,311#SW220,394,674,1048#SWA17,272,27,282#LRO1420,1497,29#
=================================================================

45	:
Fitness Score:	2.0041679806751347
Bitchange:	0.001039828176910311
Round Function:
ADD611,638,116560689#SWA236,621,777,1162#NOT33,653#ADD126,693,1910365633#XOR562,586,1353,1377#NOT183,376#XOR4,56,371,423#NOT149,1526#SWA38,134,234,330#NOT521,1053#NOT297,487#ADD243,518,1992241831#SW1246,258,810,822#SW1459,479,1071,1091#SWA26,87,281,342#NOT396,935#XOR491,683,1120,1312#SWA40,619,353,932#ADD36,682,656388999#XOR157,296,807,946#ADD226,756,259928295#SW2451,792,602,943#NOT129,1413#NOT1089,1315#SW0539,566,1318,1345#SW012,702,260,950#SWA298,761,311,774#NOT49,396#SW0328,713,849,1234#XOR130,526,156,552#
=================================================================

46	:
Fitness Score:	2.0043129690638355
Bitchange:	0.0010759220566860504
Round Function:
SWA500,512,1161,1173#NOT636,1149#SW1417,753,629,965#SW199,309,749,959#SW053,470,699,1116#SW0105,258,333,486#NOT155,1173#LRO505,602,171#SWA170,499,812,1141#ADD47,128,32126137#ADD276,492,326286109#SW1479,613,1163,1297#NOT1066,1324#NOT103,845#LRO144,599,156#SW1334,445,712,823#SW1540,707,990,1157#LRO11,1002,14#LRO484,1227,140#ADD37,522,1506197186#SW113,513,600,1100#SWA396,756,477,837#ADD285,374,1110750405#ADD206,698,424390202#SW0123,493,136,506#SW211,58,122,169#SW171,781,396,1106#ADD490,607,1527321767#SWA254,312,461,519#NOT347,629#
=================================================================

47	:
Fitness Score:	2.004596490115595
Bitchange:	0.0011464876193936755
Round Function:
XOR125,736,221,832#LRO1348,1358,174#NOT243,1004#SW0509,538,653,682#SW047,90,189,232#SW232,310,372,650#NOT1047,1065#SW2113,494,122,503#LRO693,1223,38#ADD524,742,1575019451#XOR1,273,180,452#NOT774,1179#LRO566,636,40#LRO84,1060,66#SW12,280,357,635#SW0181,237,486,542#NOT1095,1156#NOT183,1386#SWA229,651,241,663#SW0118,249,888,1019#SW1448,653,1143,1348#ADD414,710,600111866#SW0482,508,1278,1304#NOT771,1170#SW0595,598,725,728#LRO705,1144,189#SW0647,775,1190,1318#SW0267,294,398,425#NOT344,1593#XOR66,783,604,1321#
=================================================================

48	:
Fitness Score:	2.0047170923459037
Bitchange:	0.0011764982610049644
Round Function:
SW0590,620,1323,1353#SWA21,528,637,1144#NOT32,145#SW2103,573,390,860#LRO77,1363,105#SW2281,549,381,649#SW192,661,765,1334#LRO491,1405,73#SWA577,670,1144,1237#SW1105,275,535,705#SW1389,523,487,621#XOR201,223,916,938#SW1142,474,311,643#SWA311,792,412,893#SWA97,708,557,1168#SW2176,225,942,991#ADD92,371,1132567943#LRO1001,1446,76#SW1442,668,962,1188#XOR179,579,232,632#NOT57,1208#XOR338,371,836,869#ADD119,734,485334033#NOT284,1233#XOR438,645,983,1190#SW0627,725,688,786#SW0114,144,822,852#SW176,346,281,551#SW2214,250,550,586#SW2183,707,647,1171#
=================================================================

49	:
Fitness Score:	2.004746430217801
Bitchange:	0.001183798146802305
Round Function:
SW2346,702,1073,1429#NOT1424,1545#XOR289,569,690,970#ADD65,257,763672401#SWA194,579,823,1208#SW155,248,687,880#SW2323,406,545,628#NOT390,1296#SW1713,719,1436,1442#ADD86,342,2061892483#SW0197,646,244,693#SW2385,609,945,1169#SW2300,660,555,915#ADD209,509,216931962#SWA104,581,221,698#SWA351,396,1149,1194#LRO1141,1254,134#NOT1468,1479#XOR8,19,126,137#SW1235,688,920,1373#LRO1185,1434,56#LRO272,822,193#NOT141,1271#SW023,679,688,1344#NOT1438,1471#SW0406,783,503,880#SWA277,788,667,1178#NOT182,518#SW2732,779,744,791#SW0416,657,655,896#
=================================================================

50	:
Fitness Score:	2.0048018485409487
Bitchange:	0.0011975868199750593
Round Function:
SW018,283,390,655#NOT664,1060#ADD80,717,927209277#XOR207,232,319,344#XOR367,757,936,1326#SW123,229,189,395#XOR152,788,196,832#SW0154,749,942,1537#NOT992,1333#LRO0,1477,94#LRO333,858,106#SW0268,614,1037,1383#SW1237,697,330,790#ADD135,640,646174518#SW2206,534,214,542#SW1428,710,1114,1396#SW1137,791,698,1352#SW259,150,733,824#SW1411,552,739,880#LRO418,1533,151#SWA148,205,644,701#LRO11,1000,60#XOR331,423,420,512#SWA259,727,394,862#SWA71,356,96,381#NOT232,1294#SW0424,552,877,1005#ADD80,384,1344517569#LRO849,938,155#NOT394,1567#
=================================================================

51	:
Fitness Score:	2.0048214086806495
Bitchange:	0.0012024534105066196
Round Function:
SW247,608,625,1186#SW0501,585,621,705#XOR103,187,859,943#LRO443,1267,181#SW1269,281,910,922#SW2180,445,333,598#SW2254,355,369,470#LRO868,1596,132#SW0750,765,1459,1474#ADD144,487,1714640076#SWA588,642,1326,1380#NOT109,633#SW0417,667,1027,1277#SWA657,668,730,741#ADD407,427,825884#SW1227,460,710,943#SW0109,435,897,1223#LRO349,1161,179#SW2473,636,771,934#SW1407,798,631,1022#SW1229,243,462,476#XOR326,476,941,1091#ADD39,505,167584020#LRO1,1199,61#SW2748,767,1439,1458#SW0181,230,740,789#LRO111,337,129#NOT315,1540#SW135,51,36,52#NOT11,1092#
=================================================================

52	:
Fitness Score:	2.0048214086806495
Bitchange:	0.0012024534105066196
Round Function:
NOT548,798#XOR309,407,775,873#SW2609,699,748,838#SW1269,450,643,824#XOR197,255,795,853#NOT869,1007#SW2605,783,788,966#ADD505,761,1735174514#ADD18,268,934130967#LRO389,1257,123#SW1494,616,1129,1251#LRO232,1119,34#XOR340,429,363,452#SWA117,641,504,1028#SW1477,562,600,685#SW0128,485,761,1118#XOR68,221,427,580#SW0611,647,747,783#LRO87,844,93#ADD223,679,728815443#SW247,606,281,840#LRO888,929,32#SW0382,466,456,540#SW0538,735,694,891#NOT454,760#SW2259,469,669,879#SW0398,767,997,1366#LRO1303,1469,12#SW0398,480,569,651#SW131,646,244,859#
=================================================================

53	:
Fitness Score:	2.0048817215142116
Bitchange:	0.001217458731312264
Round Function:
SW1212,337,375,500#NOT992,1571#XOR440,700,539,799#LRO418,1158,181#SWA200,438,608,846#SW2212,604,290,682#SWA310,344,346,380#XOR245,443,349,547#XOR399,403,1026,1030#LRO397,507,35#NOT947,1030#ADD315,613,1473862017#XOR191,294,436,539#ADD83,646,2037152114#SW2230,739,820,1329#SW0497,736,905,1144#LRO1284,1561,86#SW14,82,680,758#LRO287,557,66#SW2199,237,332,370#XOR520,666,978,1124#LRO137,195,79#SWA2,394,548,940#SW2120,520,315,715#SW1111,614,706,1209#SW113,37,501,525#NOT420,488#ADD268,697,351759647#SW137,240,257,460#SWA212,259,754,801#
=================================================================

54	:
Fitness Score:	2.004986054983209
Bitchange:	0.0012434138808139193
Round Function:
NOT101,447#SW0280,651,288,659#ADD20,123,6470395#SW0365,390,811,836#SW149,113,553,617#SWA284,634,362,712#XOR215,661,488,934#LRO1049,1126,64#SW0395,562,799,966#LRO1070,1461,160#SWA23,209,439,625#SWA567,778,1202,1413#NOT270,1082#SW0343,799,927,1383#LRO32,1160,35#XOR323,434,929,1040#SW2121,302,463,644#XOR614,659,1069,1114#SW0160,337,194,371#SW1415,567,444,596#SW1122,781,556,1215#ADD159,161,1#SWA741,744,992,995#LRO541,1271,114#ADD219,295,586765956#LRO843,1194,110#SW2529,756,1252,1479#SW2572,624,959,1011#SW1185,299,763,877#ADD735,764,149661967#
=================================================================

55	:
Fitness Score:	2.005142575548858
Bitchange:	0.0012823466050664021
Round Function:
SWA236,644,617,1025#SW0545,593,1126,1174#SW1327,709,819,1201#SW0130,492,263,625#SWA237,447,752,962#SW2104,779,343,1018#XOR334,408,515,589#XOR10,249,240,479#ADD288,416,135119669#LRO103,258,124#SW1308,516,1068,1276#NOT357,492#XOR460,544,870,954#XOR488,596,517,625#SW0443,751,1106,1414#NOT603,891#SWA277,487,294,504#NOT876,1496#XOR626,795,1240,1409#SW2118,743,832,1457#SW126,257,390,621#XOR588,595,858,865#ADD430,446,26491#ADD60,720,1190533024#ADD117,676,352580692#ADD561,700,784300891#XOR204,335,937,1068#LRO731,1583,111#SW0108,395,606,893#NOT56,672#
=================================================================

56	:
Fitness Score:	2.0051556200324296
Bitchange:	0.001285590998754109
Round Function:
LRO625,1236,87#XOR252,536,625,909#SWA50,70,147,167#XOR58,427,533,902#ADD336,556,1155641754#XOR473,669,1124,1320#LRO1244,1439,114#ADD20,760,1925910104#SWA61,229,767,935#NOT873,1336#SW2387,750,826,1189#SW0211,369,849,1007#SW1372,651,1155,1434#ADD628,629,0#ADD17,607,1226800619#SW0463,604,1101,1242#NOT679,770#SWA219,405,897,1083#LRO753,1338,149#SW0235,293,543,601#ADD198,273,379491916#LRO364,1143,23#SW1391,684,427,720#LRO317,1359,20#SWA734,739,1115,1120#SW2284,575,910,1201#NOT924,1273#NOT941,1323#SW0532,779,1020,1267#SW2410,718,740,1048#
=================================================================

57	:
Fitness Score:	2.0052909665650924
Bitchange:	0.0013192515832640681
Round Function:
SW217,167,610,760#LRO248,397,93#SW1302,606,406,710#SWA659,674,1192,1207#SW2475,562,821,908#SW0128,725,904,1501#SW2704,744,843,883#SW12,412,774,1184#NOT73,1199#NOT76,1035#LRO811,1492,117#SW24,743,773,1512#LRO242,404,122#SW0359,603,860,1104#SW0161,527,850,1216#ADD22,88,1110923889#LRO35,1045,87#NOT1316,1448#NOT120,1460#SW098,774,161,837#SW298,428,224,554#LRO238,1398,182#ADD156,264,1535961913#NOT556,1092#SW1145,627,452,934#XOR652,696,947,991#SW2184,323,330,469#SW128,332,453,757#XOR253,536,725,1008#SW1200,678,692,1170#
=================================================================

58	:
Fitness Score:	2.0053089054286155
Bitchange:	0.0013237126245846651
Round Function:
NOT1066,1176#SW0288,468,936,1116#XOR550,697,983,1130#LRO523,770,115#ADD710,758,717651856#SWA368,633,640,905#SW1430,538,959,1067#LRO977,1579,143#NOT152,1385#LRO174,433,83#SW0266,465,907,1106#NOT297,566#LRO1168,1338,79#SW040,670,348,978#NOT832,1051#SWA225,466,567,808#SW1262,267,803,808#ADD25,70,9137211#SWA301,727,909,1335#NOT580,1582#SW210,25,765,780#LRO1447,1457,9#SW2464,764,592,892#SW08,510,394,896#SW0173,450,374,651#ADD80,411,399853098#SW0234,547,314,627#ADD391,422,1942931507#LRO463,624,49#NOT322,609#
=================================================================

59	:
Fitness Score:	2.005392080716927
Bitchange:	0.0013443956343437966
Round Function:
LRO1205,1544,36#LRO23,619,29#ADD429,703,1316803076#SW2375,790,939,1354#ADD176,310,939164702#SW1162,455,750,1043#NOT186,1552#SWA341,694,994,1347#ADD456,568,870723775#NOT792,1050#SWA262,680,273,691#SW2554,686,1209,1341#SW0556,661,1133,1238#NOT1197,1211#SWA110,671,708,1269#ADD23,243,1549489081#SW0353,749,538,934#SW1514,580,733,799#SW0129,461,263,595#XOR530,707,591,768#SW163,225,650,812#SW1537,612,841,916#SW0393,619,794,1020#ADD418,794,786850813#SW1240,693,619,1072#SWA117,468,829,1180#LRO102,613,156#SWA48,216,457,625#NOT496,810#XOR395,595,636,836#
=================================================================

60	:
Fitness Score:	2.00544753474247
Bitchange:	0.001358184307516551
Round Function:
ADD234,625,1459477169#ADD365,438,1842938202#SW117,285,409,677#SW2189,321,953,1085#SW0564,651,835,922#SW1343,552,832,1041#SW1188,763,295,870#ADD245,346,1709848246#SW2421,602,1207,1388#ADD64,245,1412842425#SWA283,674,677,1068#NOT1138,1558#ADD317,748,1223837264#ADD4,249,623495520#SW2311,627,1028,1344#SW2343,467,1070,1194#SW1116,733,661,1278#ADD153,251,844395258#XOR130,700,524,1094#NOT953,1213#SW2122,566,748,1192#XOR312,317,839,844#SWA632,679,1040,1087#SW0625,717,998,1090#ADD53,594,1462468719#SWA132,423,336,627#SW1188,786,709,1307#SW2168,453,397,682#SW0292,699,618,1025#SWA181,794,430,1043#
=================================================================

61	:
Fitness Score:	2.0055763956442947
Bitchange:	0.0013902226951826567
Round Function:
LRO352,1508,78#ADD1,384,31865527#LRO671,1555,87#NOT488,617#ADD83,216,1316751636#SW1115,298,857,1040#NOT1111,1331#XOR219,271,947,999#SW041,368,719,1046#SW0112,776,552,1216#SWA41,373,135,467#ADD541,776,340688126#XOR77,387,331,641#SW2449,605,541,697#SW2341,426,896,981#SWA75,217,699,841#NOT632,1351#SW17,150,240,383#SWA275,399,460,584#LRO282,733,51#LRO401,1249,178#ADD458,588,806736709#XOR99,731,373,1005#SW068,449,232,613#SW1149,676,766,1293#XOR59,537,505,983#XOR328,636,1109,1417#NOT468,601#SW0207,531,693,1017#SW0611,737,641,767#
=================================================================

62	:
Fitness Score:	2.0055796581605345
Bitchange:	0.0013910337936045834
Round Function:
NOT350,1410#SW1136,696,779,1339#NOT0,903#LRO554,861,174#SWA321,753,1019,1451#SW1224,711,727,1214#SWA155,237,926,1008#SW2397,398,707,708#LRO641,929,35#NOT702,706#SW2638,659,1116,1137#LRO1032,1351,110#SW1264,698,839,1273#XOR172,610,224,662#SWA599,798,1070,1269#SW091,508,602,1019#SW1157,399,839,1081#SW017,118,343,444#SW134,549,518,1033#XOR36,327,455,746#SW1218,606,518,906#SW1375,682,1099,1406#XOR211,257,432,478#SW072,615,286,829#XOR106,490,635,1019#SW21,714,314,1027#LRO193,334,21#ADD81,421,1042591178#LRO209,676,103#SW022,184,340,502#
=================================================================

63	:
Fitness Score:	2.005594339614968
Bitchange:	0.0013946837365032734
Round Function:
LRO79,882,35#SW1308,527,381,600#SW1468,761,937,1230#SW219,584,516,1081#SW163,510,366,813#LRO487,1222,102#SW2511,553,982,1024#SWA332,346,1129,1143#ADD565,644,1106615666#ADD318,727,393809199#XOR366,494,559,687#ADD243,264,292792#LRO192,225,140#XOR133,193,491,551#SW1126,633,550,1057#SWA130,702,171,743#ADD89,749,1139128804#SW2282,682,1071,1471#SW0139,147,250,258#SW0392,456,891,955#SWA263,510,849,1096#LRO197,1095,44#SW1276,440,1063,1227#SWA21,78,715,772#NOT441,978#SWA345,742,1044,1441#SW2165,334,903,1072#NOT548,638#SW1278,796,826,1344#LRO420,921,168#
=================================================================

64	:
Fitness Score:	2.0056090212843483
Bitchange:	0.001398333679401924
Round Function:
LRO926,1234,84#SWA93,721,471,1099#SW019,23,386,390#XOR118,328,465,675#XOR428,756,1062,1390#NOT91,1170#NOT245,963#XOR361,691,1068,1398#SWA43,413,663,1033#NOT1001,1155#SW1170,688,406,924#SWA256,332,670,746#ADD519,721,1462492052#ADD52,378,872870275#SW2106,730,199,823#SW2222,435,836,1049#NOT359,669#XOR160,402,417,659#SW1353,473,616,736#SW189,599,831,1341#SW2288,646,611,969#SW174,203,383,512#ADD267,588,342272286#SWA520,619,766,865#ADD377,667,1312371118#XOR9,614,278,883#SW2379,723,767,1111#SWA224,675,485,936#SW0495,763,1209,1477#SW0113,252,699,838#
=================================================================

65	:
Fitness Score:	2.0057640075714622
Bitchange:	0.0014368608544434434
Round Function:
SW077,751,565,1239#ADD168,301,2022535344#NOT876,1238#SW1542,612,1300,1370#SW1315,567,1013,1265#XOR49,247,460,658#XOR466,585,691,810#ADD194,459,778979483#LRO196,1257,134#SW2482,603,1196,1317#NOT650,1005#XOR385,524,420,559#SW2103,325,162,384#NOT1117,1331#SW0220,606,299,685#SW084,317,691,924#SW044,695,782,1433#SW0104,321,836,1053#XOR80,219,473,612#LRO273,697,26#SWA13,275,655,917#SW1144,465,611,932#SW287,257,542,712#NOT498,1132#NOT32,527#SW1621,658,882,919#SW1267,590,527,850#SW2366,491,945,1070#SW020,504,39,523#XOR664,754,1238,1328#
=================================================================

66	:
Fitness Score:	2.0058194821685826
Bitchange:	0.0014506495276161977
Round Function:
SWA584,623,812,851#SW1154,571,168,585#SW169,545,305,781#SW0288,668,507,887#SW1349,550,719,920#LRO669,1478,91#XOR134,252,322,440#SWA428,796,1016,1384#SWA224,231,330,337#LRO1415,1458,64#SWA64,71,675,682#ADD323,548,319671838#SW255,613,822,1380#SW287,514,763,1190#SW1143,319,894,1070#SW188,168,753,833#SW1309,712,596,999#ADD163,714,792196633#SW1654,712,939,997#SW1574,707,981,1114#LRO123,1142,142#NOT249,706#XOR111,559,383,831#SW0117,404,529,816#NOT631,1481#SW0392,674,966,1248#XOR262,419,308,465#SW192,289,282,479#ADD598,672,2009544213#XOR354,365,1110,1121#
=================================================================

67	:
Fitness Score:	2.0058211138208337
Bitchange:	0.001451055076827161
Round Function:
XOR701,766,1189,1254#SW2476,501,638,663#ADD301,484,1725803021#SWA154,673,824,1343#ADD172,434,327444474#SW2338,681,648,991#NOT696,1467#SW0242,677,585,1020#SW2280,785,395,900#LRO681,1572,31#SWA309,414,437,542#ADD439,769,1747634522#LRO325,1483,179#SWA222,711,862,1351#SW1225,303,457,535#LRO201,947,83#SWA122,519,752,1149#SWA168,533,937,1302#SW163,586,825,1348#SW0403,635,1078,1310#NOT104,1526#ADD157,263,1775126991#LRO1345,1526,100#SW071,475,787,1191#LRO1113,1572,173#SW256,714,597,1255#XOR39,441,803,1205#XOR266,630,1026,1390#XOR594,794,651,851#SW2106,727,150,771#
=================================================================

68	:
Fitness Score:	2.0058260087935147
Bitchange:	0.001452271724460062
Round Function:
LRO230,1304,86#SWA300,527,750,977#SWA141,489,210,558#LRO445,1031,134#XOR591,688,740,837#SW0104,220,499,615#SW0280,418,941,1079#LRO469,1052,22#NOT329,595#SWA153,750,472,1069#NOT722,755#LRO1246,1464,92#XOR92,722,380,1010#SWA397,439,706,748#SW183,156,308,381#SW2172,414,385,627#SW0359,510,914,1065#NOT481,1557#SW2367,566,892,1091#ADD491,614,797619297#SWA39,699,217,877#SW175,587,218,730#LRO8,773,167#XOR45,649,717,1321#ADD169,296,148433732#SWA81,454,476,849#NOT1013,1297#LRO1016,1332,58#SW2329,350,846,867#XOR276,396,426,546#
=================================================================

69	:
Fitness Score:	2.005985924372995
Bitchange:	0.0014920155471345004
Round Function:
SW1121,240,426,545#SW0108,752,501,1145#SW0206,717,294,805#LRO87,1276,136#SW048,642,836,1430#SW2311,395,443,527#NOT384,1427#SW0118,537,355,774#XOR126,494,266,634#SW2692,764,1470,1542#SWA268,439,921,1092#SWA42,437,209,604#NOT1386,1590#LRO196,1514,195#SW1704,751,1474,1521#SW1129,558,274,703#NOT186,991#SW231,517,502,988#SW0158,269,372,483#SWA152,303,307,458#ADD149,615,769191156#SW1124,134,516,526#NOT232,1414#SW1179,557,524,902#LRO1114,1512,98#LRO524,1063,54#XOR205,603,786,1184#NOT256,1571#SW038,414,634,1010#ADD549,637,1271900124#
=================================================================

70	:
Fitness Score:	2.006158922993936
Bitchange:	0.0015350037634965772
Round Function:
NOT443,1139#SW1312,515,770,973#NOT493,718#SW2315,346,622,653#ADD575,707,1634782492#SWA480,568,894,982#NOT297,1109#SW015,393,775,1153#LRO460,1278,85#LRO251,1488,161#SW0573,605,1193,1225#SW070,600,277,807#NOT247,320#SW041,547,698,1204#SW270,183,321,434#ADD77,535,313674479#ADD185,410,187916638#SWA709,762,1238,1291#SW176,766,341,1031#SW0111,113,743,745#SW1162,555,694,1087#XOR564,732,891,1059#SW1512,517,1033,1038#SW2167,304,536,673#XOR73,201,577,705#LRO695,1126,6#XOR50,147,355,452#SWA342,782,1027,1467#ADD95,665,1426688068#NOT218,1430#
=================================================================

71	:
Fitness Score:	2.006235639478497
Bitchange:	0.0015540645764118553
Round Function:
SW2772,794,1416,1438#ADD38,228,1322156087#ADD175,734,386555709#XOR372,673,792,1093#ADD48,313,1673066821#SW1316,636,418,738#LRO280,802,106#XOR312,372,368,428#SW0197,335,374,512#ADD566,756,1106608388#LRO131,525,42#SWA74,280,501,707#SW0155,699,869,1413#XOR60,313,458,711#LRO179,1403,92#NOT545,666#LRO110,1551,76#SW2433,472,741,780#SWA228,502,780,1054#NOT686,1299#NOT442,714#ADD15,472,2095143098#SW084,350,605,871#XOR394,696,821,1123#SW1161,456,284,579#NOT403,1429#SWA403,433,411,441#ADD218,734,1526973732#SW260,688,253,881#LRO936,1279,37#
=================================================================

72	:
Fitness Score:	2.0063237890659957
Bitchange:	0.0015759642338038769
Round Function:
ADD337,710,1519011370#SW2277,454,1024,1201#SW08,340,475,807#SWA676,729,1086,1139#ADD169,332,617778935#SW1494,511,1258,1275#XOR128,690,781,1343#SW022,612,562,1152#SWA58,610,217,769#XOR568,603,960,995#NOT188,513#NOT452,928#SW1616,685,643,712#NOT334,1092#SWA131,536,886,1291#XOR291,782,825,1316#LRO648,1445,166#SW0117,379,632,894#SW1662,681,776,795#SW2423,703,961,1241#ADD28,365,475938495#LRO786,1577,192#SW2391,525,426,560#SW2415,654,633,872#ADD281,304,7129574#LRO172,602,36#SW2242,528,971,1257#LRO1045,1498,113#SW0318,576,399,657#SW132,514,534,1016#
=================================================================

73	:
Fitness Score:	2.006336848922947
Bitchange:	0.0015792086274916762
Round Function:
SW039,329,233,523#NOT177,446#ADD75,231,1073232193#SWA231,500,613,882#SW1207,640,494,927#LRO14,1384,25#ADD226,372,682465149#SWA418,639,781,1002#SW1280,602,862,1184#SW0114,645,543,1074#NOT221,683#LRO326,733,140#SWA81,492,267,678#NOT263,569#SW115,122,757,864#LRO136,718,126#SW2641,728,1062,1149#SW070,669,454,1053#SW252,361,584,893#XOR415,474,453,512#XOR202,692,715,1205#SWA582,774,1367,1559#XOR322,557,433,668#SW2112,241,181,310#SWA3,572,215,784#SW299,302,398,601#LRO834,1497,37#SWA429,617,1214,1402#ADD47,767,1653912208#SWA205,427,474,696#
=================================================================

74	:
Fitness Score:	2.0065621582209254
Bitchange:	0.0016351744186045279
Round Function:
LRO1005,1248,114#SW239,156,748,865#SW156,767,780,1491#SWA388,698,746,1056#ADD563,715,485003491#SW0241,687,407,853#SW2398,647,660,909#ADD555,626,1439560092#XOR253,580,963,1290#SW2264,797,790,1323#SW0483,521,1122,1160#NOT369,714#SW0484,694,661,871#SW1263,375,665,777#SWA170,192,297,319#SW0108,549,108,549#LRO239,995,160#ADD24,369,1013371361#XOR86,582,853,1349#ADD198,562,2113407237#LRO64,566,135#ADD181,493,38205182#SW0280,586,520,826#XOR54,100,482,528#XOR194,684,710,1200#ADD50,731,2020513888#SW1209,433,838,1062#SWA127,417,260,550#NOT656,1504#ADD151,400,307773333#
=================================================================

75	:
Fitness Score:	2.0066421715229708
Bitchange:	0.0016550463299417327
Round Function:
NOT100,412#NOT646,781#SWA748,799,934,985#XOR222,663,807,1248#ADD196,489,280971636#XOR358,589,958,1189#SW1538,786,1024,1272#SW2306,460,853,1007#SWA632,771,1144,1283#LRO1220,1226,34#NOT1326,1524#SW1421,522,1037,1138#LRO8,657,34#SWA249,665,489,905#SW0114,514,702,1102#SW2224,409,684,869#SW2125,130,558,563#XOR192,698,515,1021#XOR48,89,652,693#XOR166,217,333,384#SW064,184,684,804#SWA226,267,266,307#SW1371,659,618,906#XOR409,683,677,951#LRO633,1557,108#ADD278,488,927637659#SWA49,139,280,370#ADD218,554,1458491001#SW098,271,526,699#ADD358,541,2096912625#
=================================================================

76	:
Fitness Score:	2.0068185499065274
Bitchange:	0.0016988456447258162
Round Function:
LRO1159,1178,2#NOT873,1436#SW011,167,409,565#SW0523,697,607,781#SW1179,586,450,857#SW1221,646,520,945#SW061,262,240,441#SWA417,461,459,503#XOR91,762,224,895#NOT1258,1486#SW0118,162,829,873#SW226,651,583,1208#SW0220,749,398,927#NOT355,1366#XOR24,752,74,802#LRO503,1379,147#ADD238,605,1320751329#SW1355,621,394,660#SWA87,465,153,531#NOT628,1072#SW1685,732,894,941#SW1195,500,409,714#ADD156,734,1229025311#SW1210,534,385,709#SW216,568,601,1153#SWA562,612,732,782#SW1143,623,728,1208#XOR118,403,661,946#LRO54,1570,5#SW0209,445,376,612#
=================================================================

77	:
Fitness Score:	2.007177935134844
Bitchange:	0.0017880664711377157
Round Function:
SW169,151,263,345#SW0106,134,514,542#SW1101,232,725,856#SW0171,738,584,1151#LRO925,1561,64#XOR208,614,610,1016#XOR118,172,466,520#SW1325,362,409,446#SW0209,776,249,816#NOT659,1525#XOR166,458,834,1126#SWA338,378,990,1030#LRO561,1437,188#SW0511,667,934,1090#SW1445,490,696,741#SW1127,755,500,1128#ADD446,780,995066875#SWA134,334,493,693#NOT308,403#SW2174,399,453,678#SW1292,682,697,1087#SW2298,639,1053,1394#SW1405,560,983,1138#LRO637,690,66#SW092,114,414,436#SW0512,576,1292,1356#SW0398,481,498,581#SW1620,674,631,685#LRO114,567,54#SW094,358,178,442#
=================================================================

78	:
Fitness Score:	2.0073151889078744
Bitchange:	0.001822132604858712
Round Function:
SWA65,641,515,1091#SW2507,628,1017,1138#SW1150,561,859,1270#SW034,638,393,997#SWA591,676,1204,1289#SW0437,661,670,894#SWA275,509,412,646#SW2265,575,1005,1315#XOR107,351,518,762#SW1313,781,747,1215#SW072,390,647,965#SW1395,423,998,1026#NOT249,1302#SW0533,722,1053,1242#SWA108,122,353,367#XOR387,655,1003,1271#XOR105,450,124,469#SWA382,631,824,1073#SW2194,284,798,888#LRO642,981,58#ADD414,750,897211083#LRO911,1577,26#LRO711,802,2#SWA154,267,625,738#SW2597,757,1148,1308#LRO903,1241,149#NOT87,424#SWA395,439,815,859#SW2353,652,661,960#SW1189,401,587,799#
=================================================================

79	:
Fitness Score:	2.007333164006278
Bitchange:	0.0018265936461793581
Round Function:
SW2633,702,1357,1426#NOT607,809#SW2484,720,614,850#NOT369,1570#NOT358,653#SWA74,730,203,859#SW016,601,235,820#SWA580,697,1361,1478#LRO1473,1496,142#ADD291,561,314324094#XOR206,694,897,1385#XOR489,654,606,771#LRO366,710,11#SW2171,479,503,811#LRO118,1013,166#SWA245,701,593,1049#SW289,456,623,990#SW1544,546,1085,1087#ADD26,198,1954590772#SWA762,771,1550,1559#SW0623,713,652,742#NOT887,1386#SW1249,282,539,572#NOT839,1490#SW2393,682,827,1116#SW298,409,122,433#ADD497,507,96#SW1199,556,800,1157#NOT725,811#ADD292,507,1123134538#
=================================================================

80	:
Fitness Score:	2.0076289823165556
Bitchange:	0.0018999980533636039
Round Function:
SW2140,772,600,1232#NOT819,892#ADD56,355,1727441792#SW1160,445,924,1209#SW2718,727,1120,1129#SW0233,527,333,627#SW274,636,163,725#SW073,243,257,427#ADD230,755,425784309#ADD261,405,928313674#SW1217,396,734,913#SWA199,227,967,995#SW1177,314,312,449#SW2369,637,989,1257#LRO232,554,22#SWA141,309,319,487#SW0307,369,644,706#LRO760,1249,94#NOT571,730#SW0342,481,995,1134#SW1172,754,957,1539#XOR272,304,462,494#ADD633,767,646184017#SWA107,194,349,436#XOR29,96,144,211#LRO583,1395,38#SW0104,168,768,832#SW1463,512,998,1047#SW1415,633,933,1151#ADD321,561,224564006#
=================================================================

81	:
Fitness Score:	2.0076289823165556
Bitchange:	0.0018999980533636039
Round Function:
SWA158,392,271,505#SW1227,461,594,828#ADD52,489,888492412#LRO302,1334,8#LRO521,735,3#NOT288,1115#ADD132,249,818033904#SW1210,446,820,1056#XOR115,758,494,1137#SW1322,488,801,967#ADD170,363,1090571045#ADD35,359,1063853221#ADD105,347,1398716062#SW0776,795,1071,1090#SW1215,368,934,1087#SW1267,556,921,1210#LRO379,1427,44#SW1326,755,952,1381#NOT311,1363#XOR244,605,741,1102#XOR605,700,718,813#SWA73,771,418,1116#LRO159,1258,160#SWA327,390,950,1013#ADD53,141,874229615#XOR174,308,949,1083#SW0309,380,430,501#SW2252,762,592,1102#ADD194,255,306420580#ADD230,786,547435037#
=================================================================

82	:
Fitness Score:	2.007640424554878
Bitchange:	0.0019028368978403474
Round Function:
XOR156,164,668,676#SWA270,360,694,784#SW2157,277,903,1023#SWA690,698,746,754#NOT342,622#LRO900,1319,101#XOR634,733,816,915#SW0278,357,596,675#SW1322,557,611,846#SW2149,539,867,1257#NOT100,872#SW189,690,522,1123#SW249,187,569,707#SW1755,760,1332,1337#SW1257,687,643,1073#SW063,467,582,986#SW0225,563,325,663#SW1314,553,758,997#NOT1070,1471#SWA373,422,1065,1114#ADD11,737,1618490386#SW0378,766,951,1339#SW1339,680,916,1257#SW0133,411,678,956#ADD535,662,1815636015#SW0458,755,1218,1515#NOT315,1379#NOT939,1495#NOT148,833#SWA484,583,572,671#
=================================================================

83	:
Fitness Score:	2.0077368714606165
Bitchange:	0.0019267643012871858
Round Function:
SW0623,751,1104,1232#SWA190,418,408,636#ADD161,762,200995559#SW019,708,660,1349#LRO623,1076,74#ADD447,753,1764421869#NOT656,950#SW2147,465,429,747#XOR598,732,1296,1430#SW2202,599,982,1379#ADD149,267,766492371#SW1175,405,490,720#LRO202,362,179#XOR439,646,861,1068#SWA143,722,738,1317#ADD661,744,1136905824#NOT292,1544#SW164,164,263,363#NOT454,611#SWA464,654,1057,1247#SWA117,330,695,908#SW028,742,740,1454#ADD287,639,145640371#XOR119,744,445,1070#LRO1580,1591,168#SWA20,781,287,1048#ADD682,735,2028211389#XOR271,392,299,420#XOR221,617,646,1042#ADD583,767,990968816#
=================================================================

84	:
Fitness Score:	2.0077761067516957
Bitchange:	0.0019364974823503065
Round Function:
NOT640,1254#ADD1,227,2138175361#NOT236,1376#SW2475,508,1242,1275#ADD331,409,1767839720#SW171,310,76,315#XOR259,269,301,311#SW2257,286,314,343#SWA56,145,198,287#SWA28,271,228,471#SW2191,550,351,710#ADD642,664,1467827#SWA268,394,416,542#SW1237,509,421,693#ADD632,707,1042631517#ADD405,730,690503595#ADD115,667,816400148#SW0372,473,665,766#LRO253,1098,184#XOR451,639,1161,1349#SW2116,550,825,1259#SW0166,537,501,872#SW0242,745,621,1124#XOR96,323,208,435#ADD35,375,132681278#ADD525,685,308500413#ADD357,549,852958990#SW1342,703,1110,1471#SW1291,403,1061,1173#ADD42,280,2021825139#
=================================================================

85	:
Fitness Score:	2.0078038993440286
Bitchange:	0.0019433918189366837
Round Function:
SW1501,774,1276,1549#SW1228,607,1002,1381#SW1413,729,578,894#SWA376,772,1164,1560#SW2108,226,360,478#SW2144,447,665,968#LRO859,1076,16#SW1427,646,446,665#SW2578,793,1355,1570#SW189,181,115,207#XOR340,368,1038,1066#LRO563,725,181#NOT1202,1331#SW2244,640,381,777#SWA380,606,1119,1345#SW0602,728,1166,1292#NOT349,665#NOT128,684#SWA87,726,327,966#LRO555,1145,34#ADD504,796,865643401#XOR304,434,1080,1210#SW250,754,95,799#LRO852,1150,66#ADD26,502,1128006646#XOR213,494,700,981#SW0577,722,1332,1477#SWA437,576,1061,1200#SW1479,608,864,993#XOR402,783,676,1057#
=================================================================

86	:
Fitness Score:	2.0078496770558165
Bitchange:	0.001954747196843658
Round Function:
NOT1010,1468#SWA112,173,273,334#SW1239,548,399,708#SW1345,382,656,693#ADD79,611,1331108532#ADD236,427,121480510#NOT148,1136#SW0619,712,1176,1269#XOR105,629,347,871#SW2282,785,821,1324#XOR432,531,514,613#LRO17,524,65#SW1257,547,844,1134#SW0461,648,548,735#ADD363,637,802862608#LRO136,1311,131#SWA470,495,1026,1051#SW275,666,125,716#NOT116,1081#SWA16,180,182,346#LRO191,608,190#SW0473,553,538,618#SW1181,744,856,1419#ADD177,273,1866076439#SWA60,654,779,1373#ADD322,454,667723076#XOR254,524,817,1087#ADD566,581,31970#SW0458,501,583,626#SW227,102,369,444#
=================================================================

87	:
Fitness Score:	2.0080835029272763
Bitchange:	0.0020127407340114188
Round Function:
ADD446,699,1594482115#ADD266,404,745888960#SWA76,447,533,904#ADD141,533,21619803#ADD39,102,92411024#SWA143,464,401,722#ADD188,530,583289134#SW2388,721,1184,1517#SWA157,203,804,850#ADD134,725,1724590488#ADD284,471,52066548#SW2535,767,639,871#SW2351,728,376,753#SW2306,717,693,1104#SW0178,708,182,712#LRO801,923,130#LRO331,1053,15#LRO687,1079,71#NOT581,1538#SW2661,715,1436,1490#SW1544,555,1208,1219#SW1282,540,366,624#LRO241,657,60#NOT723,1118#ADD168,511,1455654239#SW0577,583,592,598#LRO599,1109,172#SW026,263,280,517#SWA229,231,274,276#SW1112,699,575,1162#
=================================================================

88	:
Fitness Score:	2.0083402835696407
Bitchange:	0.002076411960132773
Round Function:
SW1276,696,493,913#XOR165,608,381,824#LRO700,1096,179#SWA59,153,739,833#ADD661,663,2#SW2542,560,986,1004#XOR510,532,1143,1165#XOR104,484,422,802#NOT221,1488#SW267,548,476,957#NOT324,669#SW15,284,614,893#SW1103,475,744,1116#ADD442,589,262514596#XOR73,704,384,1015#SW2270,683,282,695#SWA564,797,832,1065#SW2599,763,1141,1305#SWA189,229,976,1016#SW0444,595,799,950#SW2571,665,595,689#XOR82,210,620,748#ADD653,791,1681839620#SW28,732,646,1370#LRO1011,1290,89#SW2219,283,250,314#ADD78,555,1626568674#XOR401,575,700,874#SW1436,438,1151,1153#SWA48,751,296,999#
=================================================================

89	:
Fitness Score:	2.008348462376126
Bitchange:	0.0020784397061874836
Round Function:
ADD197,740,1454986491#SW280,441,682,1043#SWA544,749,860,1065#LRO193,1068,96#XOR64,150,763,849#SW1197,431,765,999#SWA292,439,849,996#ADD159,767,1718215028#ADD634,702,1803543424#LRO77,782,97#LRO876,1196,171#ADD43,732,72113361#XOR234,675,282,723#SW0584,707,1071,1194#SW2489,784,1266,1561#NOT978,1350#NOT237,792#NOT224,1531#XOR227,663,520,956#SWA623,772,922,1071#ADD581,633,1539874500#XOR166,565,358,757#SW2426,645,810,1029#SW1367,767,398,798#SW0466,609,707,850#LRO75,407,149#SW2236,696,835,1295#NOT229,1122#XOR407,658,883,1134#XOR397,782,1163,1548#
=================================================================

90	:
Fitness Score:	2.0085382293885488
Bitchange:	0.0021254834146592337
Round Function:
NOT1364,1427#LRO824,828,2#XOR255,621,721,1087#ADD293,751,285070929#SW1126,297,783,954#SW0541,716,1128,1303#SW0113,161,242,290#SW1129,401,741,1013#SW069,377,581,889#SW2120,153,730,763#XOR366,602,1013,1249#SWA150,632,927,1409#SW0429,505,731,807#SW1461,635,527,701#ADD97,584,498739940#SW0670,779,1153,1262#ADD462,606,24296935#SW0132,698,154,720#LRO694,862,185#NOT573,778#XOR204,329,310,435#LRO1229,1550,9#SW1283,577,649,943#XOR370,548,573,751#LRO3,907,98#SW2244,365,853,974#SW2506,748,1214,1456#SW142,554,401,913#LRO706,832,164#SW0567,671,1224,1328#
=================================================================

91	:
Fitness Score:	2.0085545902927953
Bitchange:	0.0021295389067688673
Round Function:
SWA209,514,353,658#XOR159,333,546,720#NOT1071,1548#LRO748,1550,130#NOT228,489#SW2166,339,605,778#ADD279,392,704728917#SWA355,469,518,632#ADD85,334,1540644011#ADD67,556,1316897504#SWA19,783,62,826#SW1753,767,1452,1466#SWA577,752,962,1137#ADD443,551,299516891#ADD350,608,624264459#XOR109,497,293,681#SWA275,784,285,794#XOR359,555,528,724#SW1176,199,229,252#SW0129,248,906,1025#SW0101,553,873,1325#XOR13,303,329,619#SWA266,610,353,697#SW0281,680,867,1266#SWA42,785,477,1220#SWA39,674,487,1122#SW082,351,606,875#SW1442,479,1137,1174#ADD97,584,402843749#ADD26,510,1762277846#
=================================================================

92	:
Fitness Score:	2.0085725875953244
Bitchange:	0.0021339999480894643
Round Function:
SWA162,449,558,845#SWA348,736,798,1186#SWA86,569,489,972#SW1120,555,742,1177#ADD470,530,479135528#SW261,547,347,833#ADD48,526,1718132457#SWA41,80,765,804#SW1486,748,959,1221#XOR321,757,1095,1531#SW0724,766,1099,1141#LRO187,433,18#SW1619,725,970,1076#SW2648,748,1013,1113#NOT332,534#LRO890,1199,60#ADD542,609,334396375#LRO202,580,97#SW0195,201,272,278#SW228,137,180,289#LRO21,874,97#LRO1311,1505,172#SW066,734,246,914#LRO47,376,188#XOR39,694,492,1147#SW0373,701,814,1142#SW1134,460,906,1232#ADD45,534,1334681028#ADD152,154,0#SW0708,787,933,1012#
=================================================================

93	:
Fitness Score:	2.008739487035775
Bitchange:	0.0021753659676078396
Round Function:
SW19,249,185,425#SWA261,795,578,1112#SW1265,437,961,1133#SWA228,660,365,797#SW1390,550,1122,1282#SW1235,537,765,1067#SW0325,527,599,801#LRO730,1579,25#LRO620,1579,59#NOT151,663#SW057,166,410,519#SW0428,488,808,868#LRO765,1493,108#SW1163,489,742,1068#ADD552,714,752522023#SW0233,410,905,1082#SWA438,565,700,827#SW1214,392,306,484#NOT1069,1243#SWA6,353,581,928#LRO524,1231,75#XOR41,582,348,889#SW2501,532,1042,1073#SWA107,274,843,1010#SW0325,553,491,719#SW1116,471,558,913#ADD121,243,2022624216#SW2257,318,456,517#SW280,425,699,1044#XOR99,701,253,855#
=================================================================

94	:
Fitness Score:	2.008803308857973
Bitchange:	0.002191182386835447
Round Function:
SW0133,569,851,1287#SW2356,656,928,1228#SW0190,680,487,977#NOT841,966#SW1473,563,1271,1361#ADD552,641,1927838852#SW1113,322,809,1018#SWA30,797,221,988#SW2383,738,708,1063#NOT298,871#SWA173,655,258,740#SWA663,672,1119,1128#XOR457,611,1197,1351#XOR370,762,777,1169#NOT1392,1423#SW2177,327,429,579#SW298,308,162,372#SW1326,643,677,994#SW1365,628,846,1109#SW1449,501,614,666#SWA94,108,195,209#ADD393,638,787871664#XOR162,352,636,826#SW23,177,7,181#XOR312,700,1013,1401#NOT689,1242#ADD660,681,748577#SWA85,563,292,770#NOT462,1277#SWA164,754,772,1362#
=================================================================

95	:
Fitness Score:	2.008893320884639
Bitchange:	0.002213487593438393
Round Function:
LRO306,483,84#SW137,576,312,851#SW0291,482,918,1109#SW048,98,607,657#XOR458,755,1131,1428#NOT298,929#SW169,790,657,1378#SW1320,768,722,1170#SWA94,446,783,1135#SW050,205,165,320#SW0486,567,1065,1146#SW0250,780,620,1150#SW1418,441,826,849#LRO724,1317,139#NOT696,1319#XOR78,159,772,853#SW1386,639,671,924#SW2168,487,930,1249#SW2154,283,820,949#SWA58,563,170,675#SWA211,449,698,936#SW0264,663,770,1169#SW0108,605,259,756#LRO820,1064,198#SW1379,693,633,947#LRO1250,1429,137#SW0250,345,933,1028#NOT61,1476#ADD360,429,154281466#SWA235,781,591,1137#
=================================================================

96	:
Fitness Score:	2.0092305285390197
Bitchange:	0.002297030730896736
Round Function:
LRO289,810,21#NOT1214,1353#SW268,547,127,606#SW158,329,112,383#NOT678,838#SW0207,589,380,762#SW029,407,756,1134#SW197,492,108,503#NOT1326,1504#LRO1281,1301,145#SW1589,620,638,669#SW1186,758,513,1085#SWA107,298,439,630#SW160,573,622,1135#ADD72,727,2058812128#ADD394,501,8341438#SW2436,496,631,691#SWA182,404,436,658#LRO1362,1465,105#XOR14,348,714,1048#LRO922,1114,135#SW189,360,176,447#SW2215,727,620,1132#XOR248,745,1034,1531#SW0106,753,799,1446#SW1579,700,1313,1434#SWA128,272,393,537#SW1366,587,661,882#SW0150,623,383,856#SW0366,554,728,916#
=================================================================

97	:
Fitness Score:	2.0093304030163672
Bitchange:	0.0023217692327655013
Round Function:
SW0274,790,883,1399#SW0265,440,848,1023#SW2550,595,1143,1188#NOT313,709#SW050,141,526,617#XOR6,683,585,1262#SW0365,608,943,1186#LRO275,1524,2#SWA48,694,202,848#NOT277,1482#SW1179,601,795,1217#NOT1043,1378#LRO693,1153,85#SWA170,235,301,366#SW0373,394,759,780#ADD256,281,29156302#SW2300,461,501,662#XOR236,728,893,1385#XOR236,343,386,493#ADD73,555,1449142338#LRO0,167,115#SWA253,761,713,1221#SW1213,377,803,967#NOT110,1322#LRO114,667,98#SW0283,489,968,1174#SW2298,762,900,1364#SW2240,587,347,694#SW1635,708,1386,1459#SW178,308,711,941#
=================================================================

98	:
Fitness Score:	2.0095334571536374
Bitchange:	0.002372057334925069
Round Function:
SW085,203,406,524#XOR60,83,801,824#SW157,276,767,986#ADD41,275,1827784251#SW1158,303,377,522#NOT764,975#NOT606,1029#SWA141,211,927,997#SWA417,786,853,1222#XOR245,548,331,634#NOT102,1471#ADD195,736,1473403242#SW2241,347,674,780#SW1469,656,593,780#XOR303,453,612,762#SW1455,678,1112,1335#SWA451,480,1002,1031#NOT407,924#SW288,273,430,615#ADD177,249,229856381#LRO1560,1577,74#SW038,584,196,742#ADD65,463,1186646993#NOT299,858#SW1239,612,626,999#LRO743,817,146#SWA351,705,725,1079#ADD370,397,35548833#SWA376,754,969,1347#ADD43,216,1528473414#
=================================================================

99	:
Fitness Score:	2.009716896168093
Bitchange:	0.002417478846552996
Round Function:
SW1268,335,771,838#ADD153,773,1222468841#SW041,315,709,983#SW1759,772,1026,1039#XOR401,530,720,849#NOT1020,1120#SW299,701,488,1090#SW2256,756,595,1095#SW1407,562,461,616#XOR237,577,631,971#XOR399,562,686,849#SWA128,146,589,607#LRO215,286,171#NOT93,1142#SW2288,388,839,939#SW1183,739,973,1529#LRO627,1244,7#NOT172,1472#SW2246,271,602,627#NOT762,1217#ADD717,767,1950372273#SW040,259,324,543#LRO612,1087,165#NOT537,1544#SW2757,775,909,927#SW163,599,242,778#XOR6,539,41,574#XOR193,648,299,754#SW0339,424,350,435#SW1309,724,1055,1470#
=================================================================

100	:
Fitness Score:	2.0098217334992827
Bitchange:	0.00244343399605451
Round Function:
LRO583,710,146#SW1411,639,744,972#SW2502,754,860,1112#SW1243,471,932,1160#ADD565,724,769287149#SW1236,455,994,1213#ADD170,384,1027414265#SW0338,423,847,932#SW1280,361,735,816#SW1226,431,627,832#SW2176,227,654,705#SWA390,590,472,672#SW1352,514,452,614#ADD99,136,1577843822#NOT764,1201#XOR114,257,373,516#XOR125,634,434,943#SW294,331,412,649#LRO1403,1519,82#NOT216,607#XOR144,789,761,1406#NOT1225,1304#SWA196,481,916,1201#SWA687,698,1466,1477#NOT435,1194#LRO758,1475,54#LRO274,624,171#SW2232,497,1013,1278#XOR698,767,799,868#ADD672,704,722255430#
=================================================================

101	:
Fitness Score:	2.009942965299066
Bitchange:	0.002473444637665799
Round Function:
XOR24,70,548,594#SWA237,702,750,1215#XOR11,366,303,658#ADD129,201,278652245#SW0306,629,1002,1325#LRO925,1220,94#SW1301,646,1004,1349#SW2204,627,204,627#XOR75,80,309,314#XOR500,516,533,549#SWA95,594,349,848#XOR496,623,1238,1365#ADD132,536,241323392#NOT150,1427#NOT32,377#NOT470,751#NOT1451,1537#XOR120,516,433,829#SW2256,762,802,1308#LRO1374,1376,146#SWA191,311,839,959#LRO460,636,116#NOT490,528#SWA138,493,838,1193#LRO18,533,116#SW2274,412,832,970#ADD561,665,1443548730#ADD561,725,1478674231#NOT263,1404#SW0134,732,166,764#
=================================================================

102	:
Fitness Score:	2.0102493865205724
Bitchange:	0.00254928234011613
Round Function:
ADD79,214,1312009952#SW169,330,262,523#SW027,53,786,812#LRO532,1325,72#ADD517,775,506197476#SW10,506,166,672#XOR63,154,738,829#SWA362,670,720,1028#SW286,792,508,1214#SW1145,283,917,1055#SW289,346,472,729#SWA255,762,616,1123#ADD364,776,1765442164#SW2611,788,1131,1308#SWA2,228,413,639#SW285,648,730,1293#SW162,317,620,875#SWA219,528,893,1202#SW068,557,549,1038#SW2362,492,638,768#LRO281,1191,184#SW1593,665,679,751#NOT485,1075#NOT662,733#SWA636,720,1431,1515#SW0239,726,962,1449#SWA48,242,183,377#ADD231,325,2105126064#SW2222,271,338,387#SW0432,655,697,920#
=================================================================

103	:
Fitness Score:	2.0105362289888973
Bitchange:	0.0026202534520345486
Round Function:
NOT327,1434#SW2125,731,308,914#ADD296,756,199535571#ADD345,629,1281863285#ADD323,447,335894062#SW0423,648,1183,1408#SW2521,685,1226,1390#NOT439,546#SWA457,796,488,827#XOR240,547,923,1230#LRO11,1246,12#NOT617,1348#XOR770,778,1389,1397#XOR58,141,356,439#SWA232,650,426,844#LRO217,1312,107#NOT998,1000#LRO699,959,73#LRO373,1473,157#XOR165,433,755,1023#SWA516,539,1118,1141#SW0427,464,893,930#LRO539,1448,23#NOT468,729#SW019,376,798,1155#SW1693,770,1163,1240#SW0170,240,786,856#XOR138,766,797,1425#NOT374,1266#XOR56,483,420,847#
=================================================================

104	:
Fitness Score:	2.0105903284567366
Bitchange:	0.0026336365759963773
Round Function:
SW1452,538,920,1006#LRO98,229,105#ADD211,442,240128842#XOR428,673,613,858#ADD21,554,401752627#SW2602,778,1022,1198#LRO553,889,138#NOT296,803#ADD616,741,754123090#SWA107,638,708,1239#SWA126,607,888,1369#XOR87,481,606,1000#ADD93,545,1523352514#NOT522,800#SW111,71,147,207#NOT20,285#SW0300,706,1094,1500#SW2418,718,912,1212#XOR58,684,378,1004#SW2478,624,493,639#NOT77,1162#LRO837,988,190#ADD11,656,1739361324#ADD1,495,1766964721#NOT1246,1537#ADD373,738,36650942#SW1236,452,778,994#SW038,108,340,410#SW0237,650,599,1012#SW2269,283,574,588#
=================================================================

105	:
Fitness Score:	2.0107182115003854
Bitchange:	0.00266526941445156
Round Function:
SW2100,445,184,529#XOR74,519,674,1119#SW0453,793,512,852#LRO1171,1402,151#SW2460,558,929,1027#XOR105,785,237,917#SW1254,640,458,844#NOT601,1290#NOT116,201#XOR56,634,492,1070#SWA24,78,491,545#SW135,348,654,967#SW2195,588,658,1051#SWA306,759,831,1284#XOR688,757,730,799#SW0778,781,1261,1264#ADD327,472,2133034854#NOT411,1406#LRO3,963,58#XOR40,525,826,1311#SWA204,283,260,339#LRO657,922,39#NOT48,182#NOT612,881#SW1523,758,702,937#SW0111,157,738,784#SW0595,710,840,955#SWA39,60,665,686#SW2515,796,564,845#SW172,252,277,457#
=================================================================

106	:
Fitness Score:	2.0107444459303854
Bitchange:	0.0026717582018270175
Round Function:
XOR328,471,444,587#SW2167,260,336,429#XOR340,354,615,629#XOR402,549,427,574#SWA57,361,650,954#LRO263,698,44#ADD369,548,1218680169#SW078,104,409,435#LRO399,796,3#ADD272,563,729424664#SW090,779,619,1308#ADD561,591,656798892#LRO971,1460,151#SWA608,645,1204,1241#ADD339,387,1212325091#SW2285,693,1063,1471#NOT333,745#SW0161,257,690,786#SWA23,720,125,822#SW166,139,732,805#XOR408,439,1114,1145#XOR362,710,423,771#SW094,344,209,459#SW073,142,653,722#SW0132,692,477,1037#ADD297,421,465936693#ADD331,357,31736442#ADD215,537,1708181670#LRO1378,1481,59#XOR389,420,946,977#
=================================================================

107	:
Fitness Score:	2.01075100464485
Bitchange:	0.002673380398670737
Round Function:
ADD140,550,1209252194#LRO8,274,40#SW1248,613,410,775#ADD20,212,1540984905#SW0673,752,875,954#SWA84,761,330,1007#NOT582,1538#XOR107,609,851,1353#XOR443,739,460,756#SW0138,699,887,1448#NOT910,1530#SW2210,262,576,628#XOR109,589,450,930#SW069,691,204,826#SWA199,355,499,655#SW1109,119,289,299#SW0448,541,630,723#SWA236,686,412,862#SW1358,542,738,922#SW1119,790,278,949#SW2345,511,1132,1298#SW1341,386,1135,1180#SWA197,425,284,512#SW1640,769,1342,1471#SW0435,556,500,621#NOT818,1524#XOR116,152,542,578#XOR261,794,596,1129#SW1263,702,669,1108#SW0411,511,794,894#
=================================================================

108	:
Fitness Score:	2.010862509337516
Bitchange:	0.0027009577450162886
Round Function:
SW0622,786,1217,1381#NOT20,600#SWA73,781,82,790#NOT1018,1563#SWA121,409,140,428#SW0266,399,1047,1180#XOR250,770,781,1301#SWA149,755,440,1046#SWA184,411,748,975#LRO81,974,58#LRO761,934,86#SW144,744,397,1097#SWA248,276,810,838#LRO509,1359,45#NOT528,829#SW2544,768,1166,1390#ADD55,677,1344634220#LRO23,707,84#SW2132,172,497,537#ADD4,667,2111850377#ADD328,708,1468091881#SW0208,712,679,1183#LRO294,813,166#SW1478,505,1173,1200#ADD0,665,91885125#LRO731,812,167#SW022,329,30,337#SW2130,530,689,1089#SW1292,540,451,699#NOT285,1369#
=================================================================

109	:
Fitness Score:	2.0110445509226205
Bitchange:	0.0027459737074331846
Round Function:
ADD177,389,1156286696#LRO205,1254,88#SW0290,377,657,744#SW020,505,519,1004#SW1286,666,470,850#SWA410,566,1022,1178#XOR161,462,310,611#SWA525,543,576,594#ADD341,670,1095778576#XOR113,797,730,1414#SWA201,554,857,1210#SW20,696,395,1091#LRO732,1595,110#SW0562,689,659,786#NOT1013,1471#NOT305,1488#XOR105,169,899,963#NOT86,747#NOT610,862#XOR177,702,684,1209#NOT36,1295#NOT599,1519#ADD478,647,1190032329#SW092,696,255,859#SW131,219,290,478#ADD261,321,1272056104#XOR106,237,343,474#LRO67,679,119#XOR412,669,482,739#XOR514,775,524,785#
=================================================================

110	:
Fitness Score:	2.0111823340328736
Bitchange:	0.0027800398411541327
Round Function:
SW1111,546,525,960#ADD85,254,1053143272#XOR440,624,1123,1307#LRO502,555,120#SW1493,598,984,1089#LRO517,1576,14#SW2243,762,889,1408#NOT173,820#ADD305,403,1664873765#NOT588,1435#SWA193,787,481,1075#SW2121,795,267,941#ADD244,673,531753047#NOT599,1363#SWA486,509,1183,1206#SW2193,618,943,1368#XOR109,133,825,849#SW253,120,618,685#NOT640,832#SWA627,720,703,796#SW0363,517,996,1150#NOT406,431#NOT932,1465#SW227,597,255,825#SW0488,776,903,1191#NOT942,974#NOT180,190#SW0250,450,917,1117#NOT218,963#XOR95,793,879,1577#
=================================================================

111	:
Fitness Score:	2.01174022049423
Bitchange:	0.0029179265728817363
Round Function:
SW2448,795,818,1165#SW0295,576,860,1141#SW2134,731,697,1294#SWA16,679,360,1023#SW0197,436,529,768#SWA211,794,740,1323#SWA100,342,745,987#SWA289,300,861,872#NOT905,1088#LRO499,1320,163#XOR437,461,1067,1091#LRO97,277,157#SW1172,694,858,1380#LRO1239,1580,148#NOT644,1405#SW162,106,76,120#XOR154,677,211,734#LRO441,1069,153#ADD328,480,150674546#SWA152,290,343,481#LRO363,1115,145#SW0426,573,586,733#SWA264,682,1016,1434#SW0101,601,179,679#XOR472,658,587,773#LRO239,813,65#ADD306,504,1377268815#XOR315,501,674,860#SW1267,583,1021,1337#ADD331,670,491468893#
=================================================================

112	:
Fitness Score:	2.0117714056337603
Bitchange:	0.0029256320078901556
Round Function:
SWA5,589,103,687#XOR147,782,432,1067#SWA22,112,809,899#SW024,77,166,219#SW2225,417,777,969#SW2144,213,715,784#SW1535,547,730,742#XOR286,661,693,1068#NOT492,898#ADD63,188,184974688#SW022,189,236,403#SW0146,365,699,918#ADD5,634,1413420092#ADD572,738,853274275#SW234,349,767,1082#SW1235,260,830,855#NOT855,1134#SW18,784,423,1199#ADD615,770,656645628#SW212,541,624,1153#ADD365,398,288014317#XOR68,99,621,652#XOR227,778,934,1485#SW1285,409,917,1041#ADD176,182,47#NOT149,437#SW1109,606,386,883#XOR110,142,735,767#SW0307,521,663,877#SWA157,786,335,964#
=================================================================

113	:
Fitness Score:	2.0118551178943727
Bitchange:	0.0029463150176490802
Round Function:
NOT179,1428#SW2229,496,295,562#ADD78,217,1890651277#ADD333,626,503065699#SW1597,753,668,824#NOT209,365#SWA114,411,716,1013#NOT607,1172#ADD32,165,706309257#LRO514,1302,123#SW1232,429,369,566#ADD8,518,1679161383#ADD3,18,66#SWA698,754,1294,1350#SW2444,537,1195,1288#NOT1355,1423#SW0445,648,1142,1345#SWA251,452,655,856#SW2299,692,582,975#XOR113,695,425,1007#SW2100,440,450,790#SW0579,698,665,784#SW1102,212,167,277#ADD59,376,781857971#SWA386,541,477,632#SW1350,775,704,1129#LRO670,1558,74#SW0217,298,844,925#LRO1095,1160,145#SW1510,523,1027,1040#
=================================================================

114	:
Fitness Score:	2.0121752584386274
Bitchange:	0.003025397113786936
Round Function:
SWA474,713,1172,1411#NOT415,741#ADD55,765,2141981847#XOR240,467,397,624#SW0273,499,468,694#SW1590,600,630,640#ADD326,755,326381255#LRO482,1591,64#NOT111,822#XOR205,769,735,1299#SW1101,543,335,777#SWA665,791,940,1066#SW1256,665,748,1157#NOT443,1337#SW0555,705,793,943#SW2107,777,279,949#SW225,667,325,967#SW2120,348,149,377#NOT809,829#SW0186,316,317,447#SW2524,588,771,835#LRO143,1053,21#NOT735,936#NOT361,1507#NOT580,1437#LRO86,424,193#LRO344,1399,159#NOT239,731#SW014,330,739,1055#LRO41,948,6#
=================================================================

115	:
Fitness Score:	2.0123427571584562
Bitchange:	0.003066763133305555
Round Function:
SW0380,703,859,1182#SW184,599,132,647#SW0262,733,894,1365#ADD263,575,1618016464#SW281,269,334,522#SWA39,575,85,621#SW0307,461,557,711#XOR58,742,107,791#SW2320,741,656,1077#NOT962,1061#SW0146,395,244,493#NOT799,1381#SWA146,770,813,1437#SWA21,280,562,821#SW0530,585,536,591#SW1599,733,1360,1494#XOR238,310,720,792#SW0124,189,466,531#NOT760,792#LRO158,236,70#SW1206,368,601,763#SWA280,462,614,796#SW065,649,399,983#LRO32,226,38#SW2123,281,426,584#XOR45,780,376,1111#ADD385,532,1486638184#SW0459,713,990,1244#SW08,235,170,397#NOT990,1044#
=================================================================

116	:
Fitness Score:	2.0128733537902908
Bitchange:	0.0031977555284463653
Round Function:
SW1371,629,958,1216#SW2136,717,509,1090#XOR442,602,731,891#NOT565,991#SW0169,318,630,779#LRO304,1409,48#NOT213,238#XOR203,744,750,1291#LRO82,1468,122#SW1156,273,296,413#SWA726,797,996,1067#XOR221,240,960,979#SWA361,766,1047,1452#SW2625,667,830,872#SWA266,724,637,1095#NOT1231,1260#NOT519,1211#XOR198,550,296,648#XOR369,496,1074,1201#LRO402,690,56#NOT201,1475#SW1123,177,242,296#NOT1380,1585#SW0501,527,547,573#LRO178,1448,76#SW1239,609,831,1201#NOT70,1144#LRO183,795,101#NOT609,1457#SW2394,724,975,1305#
=================================================================

117	:
Fitness Score:	2.013568645127992
Bitchange:	0.0033693028446838756
Round Function:
XOR241,539,256,554#SW2346,646,743,1043#ADD502,610,748659885#ADD334,706,1718363759#LRO914,1468,76#NOT31,216#LRO210,1396,170#XOR27,195,762,930#SW1107,486,372,751#LRO76,137,34#NOT1363,1498#NOT6,224#NOT132,1088#XOR93,374,299,580#SW079,259,357,537#NOT647,792#SWA45,580,361,896#NOT283,490#XOR487,635,516,664#NOT618,797#NOT502,1286#XOR59,199,263,403#SW2391,783,681,1073#NOT678,1065#NOT924,1348#XOR449,692,1143,1386#XOR176,594,239,657#XOR474,788,862,1176#SW1361,493,1146,1278#ADD418,471,1391989638#
=================================================================

118	:
Fitness Score:	2.014614952220347
Bitchange:	0.003627232142856733
Round Function:
SW2403,528,987,1112#SW2462,621,484,643#SW1643,684,1312,1353#ADD425,604,477373156#SW264,170,845,951#XOR487,698,735,946#ADD95,742,1523102520#ADD172,368,2076527168#ADD159,401,1029975894#NOT327,352#XOR24,200,481,657#SW0285,710,975,1400#SW2606,778,1397,1569#SW2137,755,548,1166#XOR106,690,761,1345#SW095,747,664,1316#LRO616,1477,101#SWA233,340,1002,1109#SW0178,692,595,1109#SW2106,746,162,802#XOR222,511,307,596#ADD476,771,1202159310#NOT1577,1580#NOT231,348#SWA96,750,237,891#SW2572,696,854,978#NOT505,977#XOR342,497,474,629#XOR454,619,577,742#SW1206,541,865,1200#
=================================================================

119	:
Fitness Score:	2.014921153227004
Bitchange:	0.003702664296095885
Round Function:
NOT621,892#SWA210,585,332,707#LRO158,1015,18#SWA242,751,701,1210#LRO648,1531,5#NOT1333,1348#NOT101,787#SW280,460,564,944#XOR35,794,323,1082#ADD534,651,244544064#SW2199,778,402,981#NOT582,591#SW0214,665,222,673#SW116,244,413,641#LRO867,1257,113#XOR434,668,925,1159#XOR362,493,400,531#LRO394,699,178#NOT392,866#NOT385,1423#SW065,413,506,854#SW0607,762,646,801#SW0378,474,677,773#SW084,162,132,210#SW1322,358,1003,1039#ADD416,666,2093492715#SW2461,638,1066,1243#ADD39,646,461906614#SW298,602,344,848#SW195,521,818,1244#
=================================================================

120	:
Fitness Score:	2.017494610151323
Bitchange:	0.0043357266144097685
Round Function:
SWA421,509,1052,1140#SW072,91,803,822#NOT215,1327#LRO1211,1513,12#SW2450,589,467,606#SW18,694,118,804#SW0544,701,588,745#SW0251,587,509,845#SW230,308,372,650#ADD101,312,721630400#SW022,68,87,133#LRO308,1027,61#LRO626,1125,151#SW155,236,411,592#LRO452,480,84#XOR346,361,1075,1090#SW0277,506,946,1175#XOR287,754,996,1463#SW117,771,440,1194#ADD479,645,314174647#SW1243,502,655,914#ADD351,642,1009852017#LRO379,1009,53#LRO156,1565,57#XOR21,494,521,994#NOT71,1000#LRO759,972,139#SW2145,382,458,695#NOT1149,1416#SW223,128,50,155#
=================================================================

121	:
Fitness Score:	8.81023874688185
Bitchange:	0.3864956979339608
Round Function:
XOR304,613,333,642#SWA13,584,651,1222#SWA291,536,993,1238#XOR182,515,428,761#ADD58,623,1494438811#XOR19,730,604,1315#NOT405,1176#XOR229,675,455,901#XOR275,586,663,974#SWA21,245,656,880#XOR245,522,496,773#XOR98,345,296,543#SW183,762,450,1129#NOT657,1489#XOR150,570,500,920#XOR527,685,612,770#XOR227,736,466,975#ADD362,732,1097349178#LRO1386,1397,130#XOR205,561,385,741#XOR126,482,181,537#XOR95,278,202,385#XOR444,752,823,1131#XOR52,379,231,558#XOR34,462,124,552#SW1193,702,343,852#SW2149,369,298,518#XOR83,385,558,860#NOT335,629#SWA609,617,619,627#
=================================================================

122	:
Fitness Score:	8.81023874688185
Bitchange:	0.3864956979339608
Round Function:
XOR304,613,333,642#SWA13,584,651,1222#ADD352,704,2047214206#XOR182,515,428,761#ADD58,623,1494438811#XOR19,730,604,1315#NOT405,1176#XOR229,675,455,901#XOR275,586,663,974#SWA21,245,656,880#XOR245,522,496,773#XOR98,345,296,543#SW183,762,450,1129#NOT657,1489#XOR150,570,500,920#XOR527,685,612,770#XOR227,736,466,975#ADD362,732,1097349178#LRO1386,1397,130#XOR205,561,385,741#XOR126,482,181,537#XOR95,278,202,385#XOR444,752,823,1131#XOR52,379,231,558#XOR34,462,124,552#SW1193,702,343,852#SW2149,369,298,518#XOR83,385,558,860#NOT335,629#SWA609,617,619,627#
=================================================================

123	:
Fitness Score:	8.81023874688185
Bitchange:	0.3864956979339608
Round Function:
XOR304,613,333,642#SWA13,584,651,1222#SWA291,536,993,1238#XOR182,515,428,761#ADD58,623,1494438811#XOR19,730,604,1315#NOT405,1176#XOR229,675,455,901#XOR275,586,663,974#SWA21,245,656,880#XOR245,522,496,773#XOR98,345,296,543#SW183,762,450,1129#NOT657,1489#XOR150,570,500,920#XOR527,685,612,770#XOR227,736,466,975#ADD362,732,1097349178#LRO1386,1397,130#XOR205,561,385,741#XOR126,482,181,537#XOR95,278,202,385#XOR444,752,823,1131#XOR52,379,231,558#XOR34,462,124,552#SW1193,702,343,852#SW2149,369,298,518#XOR83,385,558,860#NOT335,629#SWA609,617,619,627#
=================================================================

124	:
Fitness Score:	8.81023874688185
Bitchange:	0.3864956979339608
Round Function:
XOR304,613,333,642#SWA13,584,651,1222#ADD352,704,2047214206#XOR182,515,428,761#ADD58,623,1494438811#XOR19,730,604,1315#NOT405,1176#XOR229,675,455,901#XOR275,586,663,974#SWA21,245,656,880#XOR245,522,496,773#XOR98,345,296,543#SW183,762,450,1129#NOT657,1489#XOR150,570,500,920#XOR527,685,612,770#XOR227,736,466,975#ADD362,732,1097349178#LRO1386,1397,130#XOR205,561,385,741#XOR126,482,181,537#XOR95,278,202,385#XOR444,752,823,1131#XOR52,379,231,558#XOR34,462,124,552#SW1193,702,343,852#SW2149,369,298,518#XOR83,385,558,860#NOT335,629#SWA609,617,619,627#
=================================================================

125	:
Fitness Score:	8.81023874688185
Bitchange:	0.3864956979339608
Round Function:
XOR304,613,333,642#SWA13,584,651,1222#ADD352,704,2047214206#XOR182,515,428,761#ADD58,623,1494438811#XOR19,730,604,1315#NOT405,1176#XOR229,675,455,901#XOR275,586,663,974#SWA21,245,656,880#XOR245,522,496,773#XOR98,345,296,543#SW183,762,450,1129#NOT657,1489#XOR150,570,500,920#XOR527,685,612,770#XOR227,736,466,975#ADD362,732,1097349178#LRO1386,1397,130#XOR205,561,385,741#XOR126,482,181,537#XOR95,278,202,385#XOR444,752,823,1131#XOR52,379,231,558#XOR34,462,124,552#SW1193,702,343,852#SW2149,369,298,518#XOR83,385,558,860#NOT335,629#SWA609,617,619,627#
=================================================================

126	:
Fitness Score:	8.81023874688185
Bitchange:	0.3864956979339608
Round Function:
XOR304,613,333,642#SWA13,584,651,1222#ADD352,704,2047214206#XOR182,515,428,761#ADD58,623,1494438811#XOR19,730,604,1315#NOT405,1176#XOR229,675,455,901#XOR275,586,663,974#SWA21,245,656,880#XOR245,522,496,773#XOR98,345,296,543#SW183,762,450,1129#NOT657,1489#XOR150,570,500,920#XOR527,685,612,770#XOR227,736,466,975#ADD362,732,1097349178#LRO1386,1397,130#XOR205,561,385,741#XOR126,482,181,537#XOR95,278,202,385#XOR444,752,823,1131#XOR52,379,231,558#XOR34,462,124,552#SW1193,702,343,852#SW2149,369,298,518#XOR83,385,558,860#NOT335,629#SWA609,617,619,627#
=================================================================

127	:
Fitness Score:	8.81023874688185
Bitchange:	0.3864956979339608
Round Function:
XOR304,613,333,642#SWA13,584,651,1222#SWA291,536,993,1238#XOR182,515,428,761#ADD58,623,1494438811#XOR19,730,604,1315#NOT405,1176#XOR229,675,455,901#XOR275,586,663,974#SWA21,245,656,880#XOR245,522,496,773#XOR98,345,296,543#SW183,762,450,1129#NOT657,1489#XOR150,570,500,920#XOR527,685,612,770#XOR227,736,466,975#ADD362,732,1097349178#LRO1386,1397,130#XOR205,561,385,741#XOR126,482,181,537#XOR95,278,202,385#XOR444,752,823,1131#XOR52,379,231,558#XOR34,462,124,552#SW1193,702,343,852#SW2149,369,298,518#XOR83,385,558,860#NOT335,629#SWA609,617,619,627#
=================================================================

