Parameters:
popSize: 16
messageCount: 8192
messageLength: 16
funcCount: 5
stateSize: 1600
rate: 300
capacity: 1300
populationDieOffPercent: 0.5
mutationChance: 0.5
preserveTopNIndividuals: 2
generationCount: 4
0	:
Fitness Score:	2.003042997571938
Bitchange:	0.0Round Function:
SW1125,656,702,1233#SWA96,125,749,778#SW2208,746,376,914#SW120,293,560,833#SW0287,721,627,1061#
=================================================================

1	:
Fitness Score:	2.0058455889231537
Bitchange:	0.0Round Function:
SWA19,93,650,724#LRO338,417,73#NOT970,988#SW2110,638,363,891#SWA107,272,517,682#
=================================================================

2	:
Fitness Score:	2.0086740329691444
Bitchange:	0.0Round Function:
SWA437,640,585,788#NOT348,1286#XOR85,396,515,826#SW184,554,853,1323#XOR59,657,111,709#
=================================================================

3	:
Fitness Score:	2.0133779264214025
Bitchange:	0.0Round Function:
NOT874,1495#NOT629,1433#NOT941,1180#SWA287,472,336,521#LRO789,985,60#
=================================================================

4	:
Fitness Score:	2.0133779264214025
Bitchange:	0.0Round Function:
SW2631,733,1147,1249#LRO469,1300,49#LRO144,1254,193#LRO199,1376,40#XOR74,239,682,847#
=================================================================

5	:
Fitness Score:	2.0133779264214025
Bitchange:	0.0Round Function:
LRO317,843,13#SW1353,439,1021,1107#SW2138,717,925,1504#XOR488,720,785,1017#SW2332,598,1121,1387#
=================================================================

6	:
Fitness Score:	2.0133779264214025
Bitchange:	0.0033222591362121177Round Function:
NOT102,1583#SW1337,497,492,652#SW2294,546,443,695#XOR1,716,685,1400#NOT617,1562#
=================================================================

7	:
Fitness Score:	2.0133779264214025
Bitchange:	0.0Round Function:
XOR199,484,820,1105#XOR205,444,476,715#LRO1374,1460,50#NOT53,881#XOR418,698,955,1235#
=================================================================

8	:
Fitness Score:	2.0133779264214025
Bitchange:	0.0Round Function:
NOT102,1583#SW0139,748,895,1504#LRO610,1557,199#SWA536,594,971,1029#NOT617,1562#
=================================================================

9	:
Fitness Score:	2.0133779264214025
Bitchange:	0.0Round Function:
SW2398,609,903,1114#LRO94,652,82#XOR186,473,296,583#XOR484,568,1162,1246#XOR329,335,1056,1062#
=================================================================

10	:
Fitness Score:	2.0133779264214025
Bitchange:	0.0Round Function:
NOT102,1583#SW1219,638,970,1389#SW144,515,183,654#SWA666,773,1277,1384#NOT617,1562#
=================================================================

11	:
Fitness Score:	2.0133779264214025
Bitchange:	0.0Round Function:
NOT376,1069#SW1337,497,492,652#SW2294,546,443,695#XOR126,518,644,1036#LRO1064,1152,90#
=================================================================

12	:
Fitness Score:	2.0133779264214025
Bitchange:	0.0Round Function:
SW1152,351,789,988#SW0139,748,895,1504#SWA548,702,853,1007#SW1388,477,767,856#LRO170,685,69#
=================================================================

13	:
Fitness Score:	2.0133779264214025
Bitchange:	0.0Round Function:
NOT102,1583#SW1337,497,492,652#LRO610,1557,199#XOR1,716,685,1400#SW0373,721,1067,1415#
=================================================================

14	:
Fitness Score:	2.0133779264214025
Bitchange:	0.0Round Function:
NOT376,1069#SW1219,638,970,1389#SW1257,529,405,677#XOR126,518,644,1036#NOT617,1562#
=================================================================

15	:
Fitness Score:	2.0133779264214025
Bitchange:	0.0Round Function:
XOR503,620,916,1033#SW0579,696,1303,1420#SW1162,488,909,1235#XOR249,296,1036,1083#LRO311,1372,55#
=================================================================

